This is pdfTeX, Version 3.141592653-2.6-1.40.24 (MiKTeX 22.3) (preloaded format=pdflatex 2022.4.25)  31 JUL 2022 11:33
entering extended mode
 restricted \write18 enabled.
 %&-line parsing enabled.
**./document.Dec.tex
(document.Dec.tex
LaTeX2e <2021-11-15> patch level 1
L3 programming layer <2022-04-20> (D:\Latex\MiKTeX\tex/latex/base\article.cls
Document Class: article 2021/10/04 v1.4n Standard LaTeX document class
(D:\Latex\MiKTeX\tex/latex/base\size10.clo
File: size10.clo 2021/10/04 v1.4n Standard LaTeX file (size option)
)
\c@part=\count185
\c@section=\count186
\c@subsection=\count187
\c@subsubsection=\count188
\c@paragraph=\count189
\c@subparagraph=\count190
\c@figure=\count191
\c@table=\count192
\abovecaptionskip=\skip47
\belowcaptionskip=\skip48
\bibindent=\dimen138
)
(D:\Latex\MiKTeX\tex/generic/babel\babel.sty
Package: babel 2022/02/26 3.73 The Babel package
\babel@savecnt=\count193
\U@D=\dimen139
\l@unhyphenated=\language81

(D:\Latex\MiKTeX\tex/generic/babel\txtbabel.def)
\bbl@readstream=\read2
\bbl@dirlevel=\count194

*************************************
* Local config file bblopts.cfg used
*
(D:\Latex\MiKTeX\tex/latex/arabi\bblopts.cfg
File: bblopts.cfg 2005/09/08 v0.1 add Arabic and Farsi to "declared" options of
 babel
)
(D:\Latex\MiKTeX\tex/latex/babel-english\english.ldf
Language: english 2017/06/06 v3.3r English support from the babel system
Package babel Info: Hyphen rules for 'canadian' set to \l@english
(babel)             (\language0). Reported on input line 102.
Package babel Info: Hyphen rules for 'australian' set to \l@ukenglish
(babel)             (\language75). Reported on input line 105.
Package babel Info: Hyphen rules for 'newzealand' set to \l@ukenglish
(babel)             (\language75). Reported on input line 108.
))
(D:\Latex\MiKTeX\tex/latex/base\inputenc.sty
Package: inputenc 2021/02/14 v1.3d Input encoding file
\inpenc@prehook=\toks16
\inpenc@posthook=\toks17
)
(D:\Latex\MiKTeX\tex/latex/setspace\setspace.sty
Package: setspace 2011/12/19 v6.7a set line spacing
)
(D:\Latex\MiKTeX\tex/latex/appendix\appendix.sty
Package: appendix 2020/02/08 v1.2c extra appendix facilities
\c@@pps=\count195
\c@@ppsavesec=\count196
\c@@ppsaveapp=\count197
)

LaTeX Warning: \include should only be used after \begin{document} on input lin
e 9.

No file indentfirst.
(D:\Latex\MiKTeX\tex/latex/tools\verbatim.sty
Package: verbatim 2020-07-07 v1.5u LaTeX2e package for verbatim enhancements
\every@verbatim=\toks18
\verbatim@line=\toks19
\verbatim@in@stream=\read3
)
(D:\Latex\MiKTeX\tex/latex/tools\indentfirst.sty
Package: indentfirst 1995/11/23 v1.03 Indent first paragraph (DPC)
)
(D:\Latex\MiKTeX\tex/latex/lettrine\lettrine.sty
File: lettrine.sty 2020-03-14 v2.23 (Daniel Flipo)

(D:\Latex\MiKTeX\tex/latex/graphics\keyval.sty
Package: keyval 2014/10/28 v1.15 key=value parser (DPC)
\KV@toks@=\toks20
)
(D:\Latex\MiKTeX\tex/generic/minifp\minifp.sty
Package: minifp 2013/12/30 v0.96. Macros for real number operations and a stack
-based programing language.
\MFP@loopctr=\count198
)
\c@DefaultLines=\count199
\c@DefaultDepth=\count266
\DefaultFindent=\dimen140
\DefaultNindent=\dimen141
\DefaultSlope=\dimen142
\DiscardVskip=\dimen143
\L@lbox=\box50
\L@tbox=\box51
\c@L@lines=\count267
\c@L@depth=\count268
\L@Pindent=\dimen144
\L@Findent=\dimen145
\L@Nindent=\dimen146
\L@lraise=\dimen147
\L@first=\dimen148
\L@next=\dimen149
\L@slope=\dimen150
\L@height=\dimen151
\L@novskip=\dimen152
\L@target@ht=\dimen153
\L@target@dp=\dimen154
\L@target@tht=\dimen155
\LettrineWidth=\dimen156
\LettrineHeight=\dimen157
\LettrineDepth=\dimen158
\Llist@everypar=\toks21

Loading lettrine.cfg
(D:\Latex\MiKTeX\tex/latex/lettrine\lettrine.cfg))
(D:\Latex\MiKTeX\tex/latex/amsmath\amsmath.sty
Package: amsmath 2021/10/15 v2.17l AMS math features
\@mathmargin=\skip49

For additional information on amsmath, use the `?' option.
(D:\Latex\MiKTeX\tex/latex/amsmath\amstext.sty
Package: amstext 2021/08/26 v2.01 AMS text

(D:\Latex\MiKTeX\tex/latex/amsmath\amsgen.sty
File: amsgen.sty 1999/11/30 v2.0 generic functions
\@emptytoks=\toks22
\ex@=\dimen159
))
(D:\Latex\MiKTeX\tex/latex/amsmath\amsbsy.sty
Package: amsbsy 1999/11/29 v1.2d Bold Symbols
\pmbraise@=\dimen160
)
(D:\Latex\MiKTeX\tex/latex/amsmath\amsopn.sty
Package: amsopn 2021/08/26 v2.02 operator names
)
\inf@bad=\count269
LaTeX Info: Redefining \frac on input line 234.
\uproot@=\count270
\leftroot@=\count271
LaTeX Info: Redefining \overline on input line 399.
\classnum@=\count272
\DOTSCASE@=\count273
LaTeX Info: Redefining \ldots on input line 496.
LaTeX Info: Redefining \dots on input line 499.
LaTeX Info: Redefining \cdots on input line 620.
\Mathstrutbox@=\box52
\strutbox@=\box53
\big@size=\dimen161
LaTeX Font Info:    Redeclaring font encoding OML on input line 743.
LaTeX Font Info:    Redeclaring font encoding OMS on input line 744.
\macc@depth=\count274
\c@MaxMatrixCols=\count275
\dotsspace@=\muskip16
\c@parentequation=\count276
\dspbrk@lvl=\count277
\tag@help=\toks23
\row@=\count278
\column@=\count279
\maxfields@=\count280
\andhelp@=\toks24
\eqnshift@=\dimen162
\alignsep@=\dimen163
\tagshift@=\dimen164
\tagwidth@=\dimen165
\totwidth@=\dimen166
\lineht@=\dimen167
\@envbody=\toks25
\multlinegap=\skip50
\multlinetaggap=\skip51
\mathdisplay@stack=\toks26
LaTeX Info: Redefining \[ on input line 2938.
LaTeX Info: Redefining \] on input line 2939.
)
(D:\Latex\MiKTeX\tex/latex/amsfonts\amssymb.sty
Package: amssymb 2013/01/14 v3.01 AMS font symbols

(D:\Latex\MiKTeX\tex/latex/amsfonts\amsfonts.sty
Package: amsfonts 2013/01/14 v3.01 Basic AMSFonts support
\symAMSa=\mathgroup4
\symAMSb=\mathgroup5
LaTeX Font Info:    Redeclaring math symbol \hbar on input line 98.
LaTeX Font Info:    Overwriting math alphabet `\mathfrak' in version `bold'
(Font)                  U/euf/m/n --> U/euf/b/n on input line 106.
))
(D:\Latex\MiKTeX\tex/latex/graphics\graphicx.sty
Package: graphicx 2021/09/16 v1.2d Enhanced LaTeX Graphics (DPC,SPQR)

(D:\Latex\MiKTeX\tex/latex/graphics\graphics.sty
Package: graphics 2021/03/04 v1.4d Standard LaTeX Graphics (DPC,SPQR)

(D:\Latex\MiKTeX\tex/latex/graphics\trig.sty
Package: trig 2021/08/11 v1.11 sin cos tan (DPC)
)
(D:\Latex\MiKTeX\tex/latex/graphics-cfg\graphics.cfg
File: graphics.cfg 2016/06/04 v1.11 sample graphics configuration
)
Package graphics Info: Driver file: pdftex.def on input line 107.

(D:\Latex\MiKTeX\tex/latex/graphics-def\pdftex.def
File: pdftex.def 2020/10/05 v1.2a Graphics/color driver for pdftex
))
\Gin@req@height=\dimen168
\Gin@req@width=\dimen169
)
(D:\Latex\MiKTeX\tex/latex/subfig\subfig.sty
Package: subfig 2005/06/28 ver: 1.3 subfig package

(D:\Latex\MiKTeX\tex/latex/caption\caption.sty
Package: caption 2022/03/01 v3.6b Customizing captions (AR)

(D:\Latex\MiKTeX\tex/latex/caption\caption3.sty
Package: caption3 2022/03/17 v2.3b caption3 kernel (AR)
\caption@tempdima=\dimen170
\captionmargin=\dimen171
\caption@leftmargin=\dimen172
\caption@rightmargin=\dimen173
\caption@width=\dimen174
\caption@indent=\dimen175
\caption@parindent=\dimen176
\caption@hangindent=\dimen177
Package caption Info: Standard document class detected.
)
\c@caption@flags=\count281
\c@continuedfloat=\count282
)
\c@KVtest=\count283
\sf@farskip=\skip52
\sf@captopadj=\dimen178
\sf@capskip=\skip53
\sf@nearskip=\skip54
\c@subfigure=\count284
\c@subfigure@save=\count285
\c@lofdepth=\count286
\c@subtable=\count287
\c@subtable@save=\count288
\c@lotdepth=\count289
\sf@top=\skip55
\sf@bottom=\skip56
)
(D:\Latex\MiKTeX\tex/latex/tools\longtable.sty
Package: longtable 2021-09-01 v4.17 Multi-page Table package (DPC)
\LTleft=\skip57
\LTright=\skip58
\LTpre=\skip59
\LTpost=\skip60
\LTchunksize=\count290
\LTcapwidth=\dimen179
\LT@head=\box54
\LT@firsthead=\box55
\LT@foot=\box56
\LT@lastfoot=\box57
\LT@gbox=\box58
\LT@cols=\count291
\LT@rows=\count292
\c@LT@tables=\count293
\c@LT@chunks=\count294
\LT@p@ftn=\toks27
)
(D:\Latex\MiKTeX\tex/latex/tools\tabularx.sty
Package: tabularx 2020/01/15 v2.11c `tabularx' package (DPC)

(D:\Latex\MiKTeX\tex/latex/tools\array.sty
Package: array 2021/10/04 v2.5f Tabular extension package (FMi)
\col@sep=\dimen180
\ar@mcellbox=\box59
\extrarowheight=\dimen181
\NC@list=\toks28
\extratabsurround=\skip61
\backup@length=\skip62
\ar@cellbox=\box60
)
\TX@col@width=\dimen182
\TX@old@table=\dimen183
\TX@old@col=\dimen184
\TX@target=\dimen185
\TX@delta=\dimen186
\TX@cols=\count295
\TX@ftn=\toks29
)
(D:\Latex\MiKTeX\tex/latex/booktabs\booktabs.sty
Package: booktabs 2020/01/12 v1.61803398 Publication quality tables
\heavyrulewidth=\dimen187
\lightrulewidth=\dimen188
\cmidrulewidth=\dimen189
\belowrulesep=\dimen190
\belowbottomsep=\dimen191
\aboverulesep=\dimen192
\abovetopsep=\dimen193
\cmidrulesep=\dimen194
\cmidrulekern=\dimen195
\defaultaddspace=\dimen196
\@cmidla=\count296
\@cmidlb=\count297
\@aboverulesep=\dimen197
\@belowrulesep=\dimen198
\@thisruleclass=\count298
\@lastruleclass=\count299
\@thisrulewidth=\dimen199
)
(D:\Latex\MiKTeX\tex/latex/multirow\multirow.sty
Package: multirow 2021/03/15 v2.8 Span multiple rows of a table
\multirow@colwidth=\skip63
\multirow@cntb=\count300
\multirow@dima=\skip64
\bigstrutjot=\dimen256
)
(D:\Latex\MiKTeX\tex/latex/hyperref\hyperref.sty
Package: hyperref 2022-02-21 v7.00n Hypertext links for LaTeX

(D:\Latex\MiKTeX\tex/generic/ltxcmds\ltxcmds.sty
Package: ltxcmds 2020-05-10 v1.25 LaTeX kernel commands for general use (HO)
)
(D:\Latex\MiKTeX\tex/generic/iftex\iftex.sty
Package: iftex 2022/02/03 v1.0f TeX engine tests
)
(D:\Latex\MiKTeX\tex/generic/pdftexcmds\pdftexcmds.sty
Package: pdftexcmds 2020-06-27 v0.33 Utility functions of pdfTeX for LuaTeX (HO
)

(D:\Latex\MiKTeX\tex/generic/infwarerr\infwarerr.sty
Package: infwarerr 2019/12/03 v1.5 Providing info/warning/error messages (HO)
)
Package pdftexcmds Info: \pdf@primitive is available.
Package pdftexcmds Info: \pdf@ifprimitive is available.
Package pdftexcmds Info: \pdfdraftmode found.
)
(D:\Latex\MiKTeX\tex/generic/kvsetkeys\kvsetkeys.sty
Package: kvsetkeys 2019/12/15 v1.18 Key value parser (HO)
)
(D:\Latex\MiKTeX\tex/generic/kvdefinekeys\kvdefinekeys.sty
Package: kvdefinekeys 2019-12-19 v1.6 Define keys (HO)
)
(D:\Latex\MiKTeX\tex/generic/pdfescape\pdfescape.sty
Package: pdfescape 2019/12/09 v1.15 Implements pdfTeX's escape features (HO)
)
(D:\Latex\MiKTeX\tex/latex/hycolor\hycolor.sty
Package: hycolor 2020-01-27 v1.10 Color options for hyperref/bookmark (HO)
)
(D:\Latex\MiKTeX\tex/latex/letltxmacro\letltxmacro.sty
Package: letltxmacro 2019/12/03 v1.6 Let assignment for LaTeX macros (HO)
)
(D:\Latex\MiKTeX\tex/latex/auxhook\auxhook.sty
Package: auxhook 2019-12-17 v1.6 Hooks for auxiliary files (HO)
)
(D:\Latex\MiKTeX\tex/latex/kvoptions\kvoptions.sty
Package: kvoptions 2020-10-07 v3.14 Key value format for package options (HO)
)
\@linkdim=\dimen257
\Hy@linkcounter=\count301
\Hy@pagecounter=\count302

(D:\Latex\MiKTeX\tex/latex/hyperref\pd1enc.def
File: pd1enc.def 2022-02-21 v7.00n Hyperref: PDFDocEncoding definition (HO)
Now handling font encoding PD1 ...
... no UTF-8 mapping file for font encoding PD1
)
(D:\Latex\MiKTeX\tex/generic/intcalc\intcalc.sty
Package: intcalc 2019/12/15 v1.3 Expandable calculations with integers (HO)
)
(D:\Latex\MiKTeX\tex/generic/etexcmds\etexcmds.sty
Package: etexcmds 2019/12/15 v1.7 Avoid name clashes with e-TeX commands (HO)
)
\Hy@SavedSpaceFactor=\count303

(D:\Latex\MiKTeX\tex/latex/hyperref\puenc.def
File: puenc.def 2022-02-21 v7.00n Hyperref: PDF Unicode definition (HO)
Now handling font encoding PU ...
... no UTF-8 mapping file for font encoding PU
)
Package hyperref Info: Hyper figures OFF on input line 4137.
Package hyperref Info: Link nesting OFF on input line 4142.
Package hyperref Info: Hyper index ON on input line 4145.
Package hyperref Info: Plain pages OFF on input line 4152.
Package hyperref Info: Backreferencing OFF on input line 4157.
Package hyperref Info: Implicit mode ON; LaTeX internals redefined.
Package hyperref Info: Bookmarks ON on input line 4390.
\c@Hy@tempcnt=\count304

(D:\Latex\MiKTeX\tex/latex/url\url.sty
\Urlmuskip=\muskip17
Package: url 2013/09/16  ver 3.4  Verb mode for urls, etc.
)
LaTeX Info: Redefining \url on input line 4749.
\XeTeXLinkMargin=\dimen258

(D:\Latex\MiKTeX\tex/generic/bitset\bitset.sty
Package: bitset 2019/12/09 v1.3 Handle bit-vector datatype (HO)

(D:\Latex\MiKTeX\tex/generic/bigintcalc\bigintcalc.sty
Package: bigintcalc 2019/12/15 v1.5 Expandable calculations on big integers (HO
)
))
\Fld@menulength=\count305
\Field@Width=\dimen259
\Fld@charsize=\dimen260
Package hyperref Info: Hyper figures OFF on input line 6027.
Package hyperref Info: Link nesting OFF on input line 6032.
Package hyperref Info: Hyper index ON on input line 6035.
Package hyperref Info: backreferencing OFF on input line 6042.
Package hyperref Info: Link coloring OFF on input line 6047.
Package hyperref Info: Link coloring with OCG OFF on input line 6052.
Package hyperref Info: PDF/A mode OFF on input line 6057.
LaTeX Info: Redefining \ref on input line 6097.
LaTeX Info: Redefining \pageref on input line 6101.

(D:\Latex\MiKTeX\tex/latex/base\atbegshi-ltx.sty
Package: atbegshi-ltx 2021/01/10 v1.0c Emulation of the original atbegshi
package with kernel methods
)
\Hy@abspage=\count306
\c@Item=\count307
\c@Hfootnote=\count308
)
Package hyperref Info: Driver (autodetected): hpdftex.

(D:\Latex\MiKTeX\tex/latex/hyperref\hpdftex.def
File: hpdftex.def 2022-02-21 v7.00n Hyperref driver for pdfTeX

(D:\Latex\MiKTeX\tex/latex/base\atveryend-ltx.sty
Package: atveryend-ltx 2020/08/19 v1.0a Emulation of the original atveryend pac
kage
with kernel methods
)
\Fld@listcount=\count309
\c@bookmark@seq@number=\count310

(D:\Latex\MiKTeX\tex/latex/rerunfilecheck\rerunfilecheck.sty
Package: rerunfilecheck 2019/12/05 v1.9 Rerun checks for auxiliary files (HO)

(D:\Latex\MiKTeX\tex/generic/uniquecounter\uniquecounter.sty
Package: uniquecounter 2019/12/15 v1.4 Provide unlimited unique counter (HO)
)
Package uniquecounter Info: New unique counter `rerunfilecheck' on input line 2
86.
)
\Hy@SectionHShift=\skip65
)
Package hyperref Info: Option `colorlinks' set `true' on input line 61.

(D:\Latex\MiKTeX\tex/latex/biblatex\biblatex.sty
Package: biblatex 2022/02/02 v3.17 programmable bibliographies (PK/MW)

(D:\Latex\MiKTeX\tex/latex/etoolbox\etoolbox.sty
Package: etoolbox 2020/10/05 v2.5k e-TeX tools for LaTeX (JAW)
\etb@tempcnta=\count311
)
(D:\Latex\MiKTeX\tex/latex/logreq\logreq.sty
Package: logreq 2010/08/04 v1.0 xml request logger
\lrq@indent=\count312

(D:\Latex\MiKTeX\tex/latex/logreq\logreq.def
File: logreq.def 2010/08/04 v1.0 logreq spec v1.0
))
(D:\Latex\MiKTeX\tex/latex/base\ifthen.sty
Package: ifthen 2020/11/24 v1.1c Standard LaTeX ifthen package (DPC)
)
\c@tabx@nest=\count313
\c@listtotal=\count314
\c@listcount=\count315
\c@liststart=\count316
\c@liststop=\count317
\c@citecount=\count318
\c@citetotal=\count319
\c@multicitecount=\count320
\c@multicitetotal=\count321
\c@instcount=\count322
\c@maxnames=\count323
\c@minnames=\count324
\c@maxitems=\count325
\c@minitems=\count326
\c@citecounter=\count327
\c@maxcitecounter=\count328
\c@savedcitecounter=\count329
\c@uniquelist=\count330
\c@uniquename=\count331
\c@refsection=\count332
\c@refsegment=\count333
\c@maxextratitle=\count334
\c@maxextratitleyear=\count335
\c@maxextraname=\count336
\c@maxextradate=\count337
\c@maxextraalpha=\count338
\c@abbrvpenalty=\count339
\c@highnamepenalty=\count340
\c@lownamepenalty=\count341
\c@maxparens=\count342
\c@parenlevel=\count343
\blx@tempcnta=\count344
\blx@tempcntb=\count345
\blx@tempcntc=\count346
\c@blx@maxsection=\count347
\c@blx@maxsegment@0=\count348
\blx@notetype=\count349
\blx@parenlevel@text=\count350
\blx@parenlevel@foot=\count351
\c@blx@sectionciteorder@0=\count352
\blx@entrysetcounter=\count353
\blx@biblioinstance=\count354
\labelnumberwidth=\skip66
\labelalphawidth=\skip67
\biblabelsep=\skip68
\bibitemsep=\skip69
\bibnamesep=\skip70
\bibinitsep=\skip71
\bibparsep=\skip72
\bibhang=\skip73
\blx@bcfin=\read4
\blx@bcfout=\write3
\blx@langwohyphens=\language82
\c@mincomprange=\count355
\c@maxcomprange=\count356
\c@mincompwidth=\count357
Package biblatex Info: Trying to load biblatex default data model...
Package biblatex Info: ... file 'blx-dm.def' found.

(D:\Latex\MiKTeX\tex/latex/biblatex\blx-dm.def
File: blx-dm.def 2022/02/02 v3.17 biblatex localization (PK/MW)
)
Package biblatex Info: Trying to load biblatex custom data model...
Package biblatex Info: ... file 'biblatex-dm.cfg' not found.
\c@afterword=\count358
\c@savedafterword=\count359
\c@annotator=\count360
\c@savedannotator=\count361
\c@author=\count362
\c@savedauthor=\count363
\c@bookauthor=\count364
\c@savedbookauthor=\count365
\c@commentator=\count366
\c@savedcommentator=\count367
\c@editor=\count368
\c@savededitor=\count369
\c@editora=\count370
\c@savededitora=\count371
\c@editorb=\count372
\c@savededitorb=\count373
\c@editorc=\count374
\c@savededitorc=\count375
\c@foreword=\count376
\c@savedforeword=\count377
\c@holder=\count378
\c@savedholder=\count379
\c@introduction=\count380
\c@savedintroduction=\count381
\c@namea=\count382
\c@savednamea=\count383
\c@nameb=\count384
\c@savednameb=\count385
\c@namec=\count386
\c@savednamec=\count387
\c@translator=\count388
\c@savedtranslator=\count389
\c@shortauthor=\count390
\c@savedshortauthor=\count391
\c@shorteditor=\count392
\c@savedshorteditor=\count393
\c@labelname=\count394
\c@savedlabelname=\count395
\c@institution=\count396
\c@savedinstitution=\count397
\c@lista=\count398
\c@savedlista=\count399
\c@listb=\count400
\c@savedlistb=\count401
\c@listc=\count402
\c@savedlistc=\count403
\c@listd=\count404
\c@savedlistd=\count405
\c@liste=\count406
\c@savedliste=\count407
\c@listf=\count408
\c@savedlistf=\count409
\c@location=\count410
\c@savedlocation=\count411
\c@organization=\count412
\c@savedorganization=\count413
\c@origlocation=\count414
\c@savedoriglocation=\count415
\c@origpublisher=\count416
\c@savedorigpublisher=\count417
\c@publisher=\count418
\c@savedpublisher=\count419
\c@language=\count420
\c@savedlanguage=\count421
\c@origlanguage=\count422
\c@savedoriglanguage=\count423
\c@pageref=\count424
\c@savedpageref=\count425
\shorthandwidth=\skip74
\shortjournalwidth=\skip75
\shortserieswidth=\skip76
\shorttitlewidth=\skip77
\shortauthorwidth=\skip78
\shorteditorwidth=\skip79
\locallabelnumberwidth=\skip80
\locallabelalphawidth=\skip81
\localshorthandwidth=\skip82
\localshortjournalwidth=\skip83
\localshortserieswidth=\skip84
\localshorttitlewidth=\skip85
\localshortauthorwidth=\skip86
\localshorteditorwidth=\skip87
Package biblatex Info: Trying to load compatibility code...
Package biblatex Info: ... file 'blx-compat.def' found.

(D:\Latex\MiKTeX\tex/latex/biblatex\blx-compat.def
File: blx-compat.def 2022/02/02 v3.17 biblatex compatibility (PK/MW)
)
Package biblatex Info: Trying to load generic definitions...
Package biblatex Info: ... file 'biblatex.def' found.

(D:\Latex\MiKTeX\tex/latex/biblatex\biblatex.def
File: biblatex.def 2022/02/02 v3.17 biblatex compatibility (PK/MW)
\c@textcitecount=\count426
\c@textcitetotal=\count427
\c@textcitemaxnames=\count428
\c@biburlbigbreakpenalty=\count429
\c@biburlbreakpenalty=\count430
\c@biburlnumpenalty=\count431
\c@biburlucpenalty=\count432
\c@biburllcpenalty=\count433
\biburlbigskip=\muskip18
\biburlnumskip=\muskip19
\biburlucskip=\muskip20
\biburllcskip=\muskip21
\c@smartand=\count434
)
Package biblatex Info: Trying to load bibliography style 'numeric'...
Package biblatex Info: ... file 'numeric.bbx' found.

(D:\Latex\MiKTeX\tex/latex/biblatex/bbx\numeric.bbx
File: numeric.bbx 2022/02/02 v3.17 biblatex bibliography style (PK/MW)
Package biblatex Info: Trying to load bibliography style 'standard'...
Package biblatex Info: ... file 'standard.bbx' found.

(D:\Latex\MiKTeX\tex/latex/biblatex/bbx\standard.bbx
File: standard.bbx 2022/02/02 v3.17 biblatex bibliography style (PK/MW)
\c@bbx:relatedcount=\count435
\c@bbx:relatedtotal=\count436
))
Package biblatex Info: Trying to load citation style 'numeric'...
Package biblatex Info: ... file 'numeric.cbx' found.

(D:\Latex\MiKTeX\tex/latex/biblatex/cbx\numeric.cbx
File: numeric.cbx 2022/02/02 v3.17 biblatex citation style (PK/MW)
Package biblatex Info: Redefining '\cite'.
Package biblatex Info: Redefining '\parencite'.
Package biblatex Info: Redefining '\footcite'.
Package biblatex Info: Redefining '\footcitetext'.
Package biblatex Info: Redefining '\smartcite'.
Package biblatex Info: Redefining '\supercite'.
Package biblatex Info: Redefining '\textcite'.
Package biblatex Info: Redefining '\textcites'.
Package biblatex Info: Redefining '\cites'.
Package biblatex Info: Redefining '\parencites'.
Package biblatex Info: Redefining '\smartcites'.
)
Package biblatex Info: Trying to load configuration file...
Package biblatex Info: ... file 'biblatex.cfg' found.

(D:\Latex\MiKTeX\tex/latex/biblatex\biblatex.cfg
File: biblatex.cfg 
)
Package biblatex Info: Input encoding 'utf8' detected.
Package biblatex Info: Document encoding is UTF8 ....

(D:\Latex\MiKTeX\tex/latex/l3kernel\expl3.sty
Package: expl3 2022-04-20 L3 programming layer (loader) 

(D:\Latex\MiKTeX\tex/latex/l3backend\l3backend-pdftex.def
File: l3backend-pdftex.def 2022-04-20 L3 backend support: PDF output (pdfTeX)
\l__color_backend_stack_int=\count437
\l__pdf_internal_box=\box61
))
Package biblatex Info: ... and expl3
(biblatex)             2022-04-20 L3 programming layer (loader) 
(biblatex)             is new enough (at least 2020/04/06),
(biblatex)             setting 'casechanger=expl3'.

(D:\Latex\MiKTeX\tex/latex/biblatex\blx-case-expl3.sty
(D:\Latex\MiKTeX\tex/latex/l3packages/xparse\xparse.sty
Package: xparse 2022-01-12 L3 Experimental document command parser
)
Package: blx-case-expl3 2022/02/02 v3.17 expl3 case changing code for biblatex
))
(D:\Latex\MiKTeX\tex/latex/geometry\geometry.sty
Package: geometry 2020/01/02 v5.9 Page Geometry

(D:\Latex\MiKTeX\tex/generic/iftex\ifvtex.sty
Package: ifvtex 2019/10/25 v1.7 ifvtex legacy package. Use iftex instead.
)
\Gm@cnth=\count438
\Gm@cntv=\count439
\c@Gm@tempcnt=\count440
\Gm@bindingoffset=\dimen261
\Gm@wd@mp=\dimen262
\Gm@odd@mp=\dimen263
\Gm@even@mp=\dimen264
\Gm@layoutwidth=\dimen265
\Gm@layoutheight=\dimen266
\Gm@layouthoffset=\dimen267
\Gm@layoutvoffset=\dimen268
\Gm@dimlist=\toks30

(D:\Latex\MiKTeX\tex/latex/geometry\geometry.cfg))
(D:\Latex\MiKTeX\tex/latex/fancyhdr\fancyhdr.sty
Package: fancyhdr 2021/01/28 v4.0.1 Extensive control of page headers and foote
rs
\f@nch@headwidth=\skip88
\f@nch@O@elh=\skip89
\f@nch@O@erh=\skip90
\f@nch@O@olh=\skip91
\f@nch@O@orh=\skip92
\f@nch@O@elf=\skip93
\f@nch@O@erf=\skip94
\f@nch@O@olf=\skip95
\f@nch@O@orf=\skip96
)

Package biblatex Warning: 'babel/polyglossia' detected but 'csquotes' missing.
(biblatex)                Loading 'csquotes' recommended.

\@quotelevel=\count441
\@quotereset=\count442
(document.Dec.aux)
\openout1 = `document.Dec.aux'.

LaTeX Font Info:    Checking defaults for OML/cmm/m/it on input line 85.
LaTeX Font Info:    ... okay on input line 85.
LaTeX Font Info:    Checking defaults for OMS/cmsy/m/n on input line 85.
LaTeX Font Info:    ... okay on input line 85.
LaTeX Font Info:    Checking defaults for OT1/cmr/m/n on input line 85.
LaTeX Font Info:    ... okay on input line 85.
LaTeX Font Info:    Checking defaults for T1/cmr/m/n on input line 85.
LaTeX Font Info:    ... okay on input line 85.
LaTeX Font Info:    Checking defaults for TS1/cmr/m/n on input line 85.
LaTeX Font Info:    ... okay on input line 85.
LaTeX Font Info:    Checking defaults for OMX/cmex/m/n on input line 85.
LaTeX Font Info:    ... okay on input line 85.
LaTeX Font Info:    Checking defaults for U/cmr/m/n on input line 85.
LaTeX Font Info:    ... okay on input line 85.
LaTeX Font Info:    Checking defaults for PD1/pdf/m/n on input line 85.
LaTeX Font Info:    ... okay on input line 85.
LaTeX Font Info:    Checking defaults for PU/pdf/m/n on input line 85.
LaTeX Font Info:    ... okay on input line 85.
 (D:\Latex\MiKTeX\tex/context/base/mkii\supp-pdf.mkii
[Loading MPS to PDF converter (version 2006.09.02).]
\scratchcounter=\count443
\scratchdimen=\dimen269
\scratchbox=\box62
\nofMPsegments=\count444
\nofMParguments=\count445
\everyMPshowfont=\toks31
\MPscratchCnt=\count446
\MPscratchDim=\dimen270
\MPnumerator=\count447
\makeMPintoPDFobject=\count448
\everyMPtoPDFconversion=\toks32
) (D:\Latex\MiKTeX\tex/latex/epstopdf-pkg\epstopdf-base.sty
Package: epstopdf-base 2020-01-24 v2.11 Base part for package epstopdf
Package epstopdf-base Info: Redefining graphics rule for `.eps' on input line 4
85.

(D:\Latex\MiKTeX\tex/latex/00miktex\epstopdf-sys.cfg
File: epstopdf-sys.cfg 2021/03/18 v2.0 Configuration of epstopdf for MiKTeX
))
Package caption Info: Begin \AtBeginDocument code.
Package caption Info: subfig package v1.3 is loaded.
Package caption Info: hyperref package is loaded.
Package caption Info: longtable package is loaded.

(D:\Latex\MiKTeX\tex/latex/caption\ltcaption.sty
Package: ltcaption 2021/01/08 v1.4c longtable captions (AR)
)
Package caption Info: End \AtBeginDocument code.

(D:\Latex\MiKTeX\tex/latex/graphics\color.sty
Package: color 2021/12/07 v1.3c Standard LaTeX Color (DPC)

(D:\Latex\MiKTeX\tex/latex/graphics-cfg\color.cfg
File: color.cfg 2016/01/02 v1.6 sample color configuration
)
Package color Info: Driver file: pdftex.def on input line 149.
)
Package hyperref Info: Link coloring ON on input line 85.

(D:\Latex\MiKTeX\tex/latex/hyperref\nameref.sty
Package: nameref 2021-04-02 v2.47 Cross-referencing by name of section

(D:\Latex\MiKTeX\tex/latex/refcount\refcount.sty
Package: refcount 2019/12/15 v3.6 Data extraction from label references (HO)
)
(D:\Latex\MiKTeX\tex/generic/gettitlestring\gettitlestring.sty
Package: gettitlestring 2019/12/15 v1.6 Cleanup title references (HO)
)
\c@section@level=\count449
)
LaTeX Info: Redefining \ref on input line 85.
LaTeX Info: Redefining \pageref on input line 85.
LaTeX Info: Redefining \nameref on input line 85.

(document.Dec.out) (document.Dec.out)
\@outlinefile=\write4
\openout4 = `document.Dec.out'.

Package biblatex Info: Trying to load language 'english'...
Package biblatex Info: ... file 'english.lbx' found.

(D:\Latex\MiKTeX\tex/latex/biblatex/lbx\english.lbx
File: english.lbx 2022/02/02 v3.17 biblatex localization (PK/MW)
)
Package biblatex Info: Input encoding 'utf8' detected.
Package biblatex Info: Automatic encoding selection.
(biblatex)             Assuming data encoding 'utf8'.
\openout3 = `document.Dec.bcf'.

Package biblatex Info: Trying to load bibliographic data...
Package biblatex Info: ... file 'document.Dec.bbl' found.
 (document.Dec.bbl)
Package biblatex Info: Reference section=0 on input line 85.
Package biblatex Info: Reference segment=0 on input line 85.

*geometry* driver: auto-detecting
*geometry* detected driver: pdftex
*geometry* verbose mode - [ preamble ] result:
* driver: pdftex
* paper: a4paper
* layout: <same size as paper>
* layoutoffset:(h,v)=(0.0pt,0.0pt)
* modes: 
* h-part:(L,W,R)=(90.47955pt, 416.54877pt, 90.47955pt)
* v-part:(T,H,B)=(72.2698pt, 700.50723pt, 72.2698pt)
* \paperwidth=597.50787pt
* \paperheight=845.04684pt
* \textwidth=416.54877pt
* \textheight=700.50723pt
* \oddsidemargin=18.20956pt
* \evensidemargin=18.20956pt
* \topmargin=-37.00018pt
* \headheight=12.0pt
* \headsep=25.0pt
* \topskip=10.0pt
* \footskip=30.0pt
* \marginparwidth=57.0pt
* \marginparsep=11.0pt
* \columnsep=10.0pt
* \skip\footins=9.0pt plus 4.0pt minus 2.0pt
* \hoffset=0.0pt
* \voffset=0.0pt
* \mag=1000
* \@twocolumnfalse
* \@twosidefalse
* \@mparswitchfalse
* \@reversemarginfalse
* (1in=72.27pt=25.4mm, 1cm=28.453pt)

LaTeX Font Info:    Trying to load font information for U+msa on input line 89.

(D:\Latex\MiKTeX\tex/latex/amsfonts\umsa.fd
File: umsa.fd 2013/01/14 v3.01 AMS symbols A
)
LaTeX Font Info:    Trying to load font information for U+msb on input line 89.


(D:\Latex\MiKTeX\tex/latex/amsfonts\umsb.fd
File: umsb.fd 2013/01/14 v3.01 AMS symbols B
) (document.Dec.toc)
\tf@toc=\write5
\openout5 = `document.Dec.toc'.


(document.Dec.lof)
\tf@lof=\write6
\openout6 = `document.Dec.lof'.

 (document.Dec.lot)
\tf@lot=\write7
\openout7 = `document.Dec.lot'.

 [1

{C:/Users/hit_a/AppData/Local/MiKTeX/fonts/map/pdftex/pdftex.map}]

Package hyperref Warning: Token not allowed in a PDF string (Unicode):
(hyperref)                removing `math shift' on input line 119.


Package hyperref Warning: Token not allowed in a PDF string (Unicode):
(hyperref)                removing `math shift' on input line 119.

<BEB_Explanation/figures/SDOF_model.png, id=96, 157.7895pt x 93.951pt>
File: BEB_Explanation/figures/SDOF_model.png Graphic file (type png)
<use BEB_Explanation/figures/SDOF_model.png>
Package pdftex.def Info: BEB_Explanation/figures/SDOF_model.png  used on input 
line 128.
(pdftex.def)             Requested size: 208.27438pt x 124.0157pt.
[2

 <./BEB_Explanation/figures/SDOF_model.png>]
Overfull \hbox (43.41885pt too wide) detected at line 158
[]
 []


LaTeX Warning: Citation 'ANDRONOV1966443' on page 3 undefined on input line 161
.

<BEB_Explanation/figures/auxiliary_fun.png, id=113, 520.19344pt x 253.69781pt>
File: BEB_Explanation/figures/auxiliary_fun.png Graphic file (type png)
<use BEB_Explanation/figures/auxiliary_fun.png>
Package pdftex.def Info: BEB_Explanation/figures/auxiliary_fun.png  used on inp
ut line 167.
(pdftex.def)             Requested size: 249.9318pt x 121.8897pt.
[3 <./BEB_Explanation/figures/auxiliary_fun.png>]
<BEB_Explanation/figures/SDOF_impact_S.png, id=133, 509.5035pt x 372.79276pt>
File: BEB_Explanation/figures/SDOF_impact_S.png Graphic file (type png)
<use BEB_Explanation/figures/SDOF_impact_S.png>
Package pdftex.def Info: BEB_Explanation/figures/SDOF_impact_S.png  used on inp
ut line 219.
(pdftex.def)             Requested size: 208.26805pt x 210.15616pt.
<BEB_Explanation/figures/SDOF_impact_mu0.png, id=134, 406.51875pt x 422.7795pt>

File: BEB_Explanation/figures/SDOF_impact_mu0.png Graphic file (type png)
<use BEB_Explanation/figures/SDOF_impact_mu0.png>
Package pdftex.def Info: BEB_Explanation/figures/SDOF_impact_mu0.png  used on i
nput line 222.
(pdftex.def)             Requested size: 187.44566pt x 194.93895pt.
<BEB_Explanation/figures/SDOF_impact_US.png, id=135, 406.51875pt x 553.46774pt>

File: BEB_Explanation/figures/SDOF_impact_US.png Graphic file (type png)
<use BEB_Explanation/figures/SDOF_impact_US.png>
Package pdftex.def Info: BEB_Explanation/figures/SDOF_impact_US.png  used on in
put line 225.
(pdftex.def)             Requested size: 187.44566pt x 255.19786pt.
 [4] [5 <./BEB_Explanation/figures/SDOF_impact_S.png> <./BEB_Explanation/figure
s/SDOF_impact_mu0.png> <./BEB_Explanation/figures/SDOF_impact_US.png>]

Package hyperref Warning: Token not allowed in a PDF string (Unicode):
(hyperref)                removing `math shift' on input line 242.


Package hyperref Warning: Token not allowed in a PDF string (Unicode):
(hyperref)                removing `math shift' on input line 242.

Package epstopdf Info: Source file: <BEB_Explanation/figures/SDOF_BEB.eps>
(epstopdf)                    date: 2021-10-07 16:26:38
(epstopdf)                    size: 42881 bytes
(epstopdf)             Output file: <BEB_Explanation/figures/SDOF_BEB-eps-conve
rted-to.pdf>
(epstopdf)                    date: 2021-10-07 17:28:07
(epstopdf)                    size: 24800 bytes
(epstopdf)             Command: <miktex-epstopdf --outfile=BEB_Explanation/figu
res/SDOF_BEB-eps-converted-to.pdf BEB_Explanation/figures/SDOF_BEB.eps>
(epstopdf)             \includegraphics on input line 248.
Package epstopdf Info: Output file is already uptodate.


pdfTeX warning: pdflatex.exe (file ./BEB_Explanation/figures/SDOF_BEB-eps-conve
rted-to.pdf): PDF inclusion: found PDF version <1.7>, but at most version <1.5>
 allowed
<BEB_Explanation/figures/SDOF_BEB-eps-converted-to.pdf, id=166, 421.575pt x 316
.18124pt>
File: BEB_Explanation/figures/SDOF_BEB-eps-converted-to.pdf Graphic file (type 
pdf)
<use BEB_Explanation/figures/SDOF_BEB-eps-converted-to.pdf>
Package pdftex.def Info: BEB_Explanation/figures/SDOF_BEB-eps-converted-to.pdf 
 used on input line 248.
(pdftex.def)             Requested size: 249.9318pt x 187.45232pt.
[6 <./BEB_Explanation/figures/SDOF_BEB-eps-converted-to.pdf>] [7] [8] [9]

Package hyperref Warning: Token not allowed in a PDF string (Unicode):
(hyperref)                removing `math shift' on input line 497.


Package hyperref Warning: Token not allowed in a PDF string (Unicode):
(hyperref)                removing `\theta' on input line 497.


Package hyperref Warning: Token not allowed in a PDF string (Unicode):
(hyperref)                removing `math shift' on input line 497.


Package hyperref Warning: Token not allowed in a PDF string (Unicode):
(hyperref)                removing `math shift' on input line 517.


Package hyperref Warning: Token not allowed in a PDF string (Unicode):
(hyperref)                removing `\theta' on input line 517.


Package hyperref Warning: Token not allowed in a PDF string (Unicode):
(hyperref)                removing `\begingroup' on input line 517.


Package hyperref Warning: Token not allowed in a PDF string (Unicode):
(hyperref)                removing `\pi' on input line 517.


Package hyperref Warning: Token not allowed in a PDF string (Unicode):
(hyperref)                removing `\endgroup' on input line 517.


Package hyperref Warning: Token not allowed in a PDF string (Unicode):
(hyperref)                removing `\@@over' on input line 517.


Package hyperref Warning: Token not allowed in a PDF string (Unicode):
(hyperref)                removing `math shift' on input line 517.

[10]
Overfull \hbox (24.65347pt too wide) detected at line 573
[][][][]\OT1/cmr/m/n/10 (\OML/cmm/m/it/10 ^^R\OT1/cmr/m/n/10 )e[] [](\OML/cmm/m
/it/10 ^^Lt[]\OT1/cmr/m/n/10 ) + [][](\OML/cmm/m/it/10 ^^R\OT1/cmr/m/n/10 )e[] 
+ [](\OML/cmm/m/it/10 ^^R\OT1/cmr/m/n/10 )e[] [](\OML/cmm/m/it/10 ^^Lt[]\OT1/cm
r/m/n/10 )\OML/cmm/m/it/10 y[] \OMS/cmsy/m/n/10 ^^@ []\OT1/cmr/m/n/10 (\OML/cmm
/m/it/10 ^^R\OT1/cmr/m/n/10 ) [](\OML/cmm/m/it/10 ^^R\OT1/cmr/m/n/10 )e[] [] \O
ML/cmm/m/it/10 z[] \OT1/cmr/m/n/10 = 1
 []

[11]
Package epstopdf Info: Source file: <BEB_Explanation/figures/gamma_negative.eps
>
(epstopdf)                    date: 2022-01-18 23:41:06
(epstopdf)                    size: 61910 bytes
(epstopdf)             Output file: <BEB_Explanation/figures/gamma_negative-eps
-converted-to.pdf>
(epstopdf)                    date: 2022-01-18 23:57:12
(epstopdf)                    size: 21987 bytes
(epstopdf)             Command: <miktex-epstopdf --outfile=BEB_Explanation/figu
res/gamma_negative-eps-converted-to.pdf BEB_Explanation/figures/gamma_negative.
eps>
(epstopdf)             \includegraphics on input line 681.
Package epstopdf Info: Output file is already uptodate.


pdfTeX warning: pdflatex.exe (file ./BEB_Explanation/figures/gamma_negative-eps
-converted-to.pdf): PDF inclusion: found PDF version <1.7>, but at most version
 <1.5> allowed
<BEB_Explanation/figures/gamma_negative-eps-converted-to.pdf, id=239, 421.575pt
 x 316.18124pt>
File: BEB_Explanation/figures/gamma_negative-eps-converted-to.pdf Graphic file 
(type pdf)
<use BEB_Explanation/figures/gamma_negative-eps-converted-to.pdf>
Package pdftex.def Info: BEB_Explanation/figures/gamma_negative-eps-converted-t
o.pdf  used on input line 681.
(pdftex.def)             Requested size: 249.9318pt x 187.45232pt.

LaTeX Warning: `h' float specifier changed to `ht'.

[12] [13 <./BEB_Explanation/figures/gamma_negative-eps-converted-to.pdf>]
Package epstopdf Info: Source file: <BEB_Explanation/figures/gamma_positive.eps
>
(epstopdf)                    date: 2022-01-18 23:42:28
(epstopdf)                    size: 65239 bytes
(epstopdf)             Output file: <BEB_Explanation/figures/gamma_positive-eps
-converted-to.pdf>
(epstopdf)                    date: 2022-01-18 23:56:08
(epstopdf)                    size: 22396 bytes
(epstopdf)             Command: <miktex-epstopdf --outfile=BEB_Explanation/figu
res/gamma_positive-eps-converted-to.pdf BEB_Explanation/figures/gamma_positive.
eps>
(epstopdf)             \includegraphics on input line 820.
Package epstopdf Info: Output file is already uptodate.


pdfTeX warning: pdflatex.exe (file ./BEB_Explanation/figures/gamma_positive-eps
-converted-to.pdf): PDF inclusion: found PDF version <1.7>, but at most version
 <1.5> allowed
<BEB_Explanation/figures/gamma_positive-eps-converted-to.pdf, id=261, 421.575pt
 x 316.18124pt>
File: BEB_Explanation/figures/gamma_positive-eps-converted-to.pdf Graphic file 
(type pdf)
<use BEB_Explanation/figures/gamma_positive-eps-converted-to.pdf>
Package pdftex.def Info: BEB_Explanation/figures/gamma_positive-eps-converted-t
o.pdf  used on input line 820.
(pdftex.def)             Requested size: 249.9318pt x 187.45232pt.
Package epstopdf Info: Source file: <BEB_Explanation/figures/case3_LCO.eps>
(epstopdf)                    date: 2022-01-14 11:09:14
(epstopdf)                    size: 106144 bytes
(epstopdf)             Output file: <BEB_Explanation/figures/case3_LCO-eps-conv
erted-to.pdf>
(epstopdf)                    date: 2022-01-14 11:20:26
(epstopdf)                    size: 20569 bytes
(epstopdf)             Command: <miktex-epstopdf --outfile=BEB_Explanation/figu
res/case3_LCO-eps-converted-to.pdf BEB_Explanation/figures/case3_LCO.eps>
(epstopdf)             \includegraphics on input line 831.
Package epstopdf Info: Output file is already uptodate.


pdfTeX warning: pdflatex.exe (file ./BEB_Explanation/figures/case3_LCO-eps-conv
erted-to.pdf): PDF inclusion: found PDF version <1.7>, but at most version <1.5
> allowed
<BEB_Explanation/figures/case3_LCO-eps-converted-to.pdf, id=262, 421.575pt x 31
6.18124pt>
File: BEB_Explanation/figures/case3_LCO-eps-converted-to.pdf Graphic file (type
 pdf)
<use BEB_Explanation/figures/case3_LCO-eps-converted-to.pdf>
Package pdftex.def Info: BEB_Explanation/figures/case3_LCO-eps-converted-to.pdf
  used on input line 831.
(pdftex.def)             Requested size: 249.9318pt x 187.45232pt.

LaTeX Warning: `h' float specifier changed to `ht'.

Package epstopdf Info: Source file: <BEB_Explanation/figures/case4_LCO.eps>
(epstopdf)                    date: 2022-01-14 11:16:32
(epstopdf)                    size: 47853 bytes
(epstopdf)             Output file: <BEB_Explanation/figures/case4_LCO-eps-conv
erted-to.pdf>
(epstopdf)                    date: 2022-01-14 11:20:27
(epstopdf)                    size: 43721 bytes
(epstopdf)             Command: <miktex-epstopdf --outfile=BEB_Explanation/figu
res/case4_LCO-eps-converted-to.pdf BEB_Explanation/figures/case4_LCO.eps>
(epstopdf)             \includegraphics on input line 839.
Package epstopdf Info: Output file is already uptodate.


pdfTeX warning: pdflatex.exe (file ./BEB_Explanation/figures/case4_LCO-eps-conv
erted-to.pdf): PDF inclusion: found PDF version <1.7>, but at most version <1.5
> allowed
<BEB_Explanation/figures/case4_LCO-eps-converted-to.pdf, id=263, 421.575pt x 31
6.18124pt>
File: BEB_Explanation/figures/case4_LCO-eps-converted-to.pdf Graphic file (type
 pdf)
<use BEB_Explanation/figures/case4_LCO-eps-converted-to.pdf>
Package pdftex.def Info: BEB_Explanation/figures/case4_LCO-eps-converted-to.pdf
  used on input line 839.
(pdftex.def)             Requested size: 249.9318pt x 187.45232pt.

LaTeX Warning: `h' float specifier changed to `ht'.

[14 <./BEB_Explanation/figures/gamma_positive-eps-converted-to.pdf>]
Package epstopdf Info: Source file: <BEB_Explanation/figures/Lyapu_contour.eps>

(epstopdf)                    date: 2022-02-08 12:12:53
(epstopdf)                    size: 28361 bytes
(epstopdf)             Output file: <BEB_Explanation/figures/Lyapu_contour-eps-
converted-to.pdf>
(epstopdf)                    date: 2022-02-08 12:16:55
(epstopdf)                    size: 10998 bytes
(epstopdf)             Command: <miktex-epstopdf --outfile=BEB_Explanation/figu
res/Lyapu_contour-eps-converted-to.pdf BEB_Explanation/figures/Lyapu_contour.ep
s>
(epstopdf)             \includegraphics on input line 888.
Package epstopdf Info: Output file is already uptodate.


pdfTeX warning: pdflatex.exe (file ./BEB_Explanation/figures/Lyapu_contour-eps-
converted-to.pdf): PDF inclusion: found PDF version <1.7>, but at most version 
<1.5> allowed
<BEB_Explanation/figures/Lyapu_contour-eps-converted-to.pdf, id=275, 421.575pt 
x 316.18124pt>
File: BEB_Explanation/figures/Lyapu_contour-eps-converted-to.pdf Graphic file (
type pdf)
<use BEB_Explanation/figures/Lyapu_contour-eps-converted-to.pdf>
Package pdftex.def Info: BEB_Explanation/figures/Lyapu_contour-eps-converted-to
.pdf  used on input line 888.
(pdftex.def)             Requested size: 249.9318pt x 187.45232pt.

LaTeX Warning: `h' float specifier changed to `ht'.

[15 <./BEB_Explanation/figures/case3_LCO-eps-converted-to.pdf> <./BEB_Explanati
on/figures/case4_LCO-eps-converted-to.pdf>]
<BEB_Explanation/figures/PDM.pdf, id=293, 296.307pt x 274.02374pt>
File: BEB_Explanation/figures/PDM.pdf Graphic file (type pdf)
<use BEB_Explanation/figures/PDM.pdf>
Package pdftex.def Info: BEB_Explanation/figures/PDM.pdf  used on input line 90
3.
(pdftex.def)             Requested size: 208.27438pt x 192.61392pt.


LaTeX Warning: Citation 'Bernardo2007' on page 16 undefined on input line 921.

[16 <./BEB_Explanation/figures/Lyapu_contour-eps-converted-to.pdf> <./BEB_Expla
nation/figures/PDM.pdf>]
Package epstopdf Info: Source file: <BEB_Explanation/figures/class_case1.eps>
(epstopdf)                    date: 2022-02-15 01:12:33
(epstopdf)                    size: 578090 bytes
(epstopdf)             Output file: <BEB_Explanation/figures/class_case1-eps-co
nverted-to.pdf>
(epstopdf)                    date: 2022-02-15 01:14:54
(epstopdf)                    size: 177240 bytes
(epstopdf)             Command: <miktex-epstopdf --outfile=BEB_Explanation/figu
res/class_case1-eps-converted-to.pdf BEB_Explanation/figures/class_case1.eps>
(epstopdf)             \includegraphics on input line 968.
Package epstopdf Info: Output file is already uptodate.


pdfTeX warning: pdflatex.exe (file ./BEB_Explanation/figures/class_case1-eps-co
nverted-to.pdf): PDF inclusion: found PDF version <1.7>, but at most version <1
.5> allowed
<BEB_Explanation/figures/class_case1-eps-converted-to.pdf, id=336, 421.575pt x 
316.18124pt>
File: BEB_Explanation/figures/class_case1-eps-converted-to.pdf Graphic file (ty
pe pdf)
<use BEB_Explanation/figures/class_case1-eps-converted-to.pdf>
Package pdftex.def Info: BEB_Explanation/figures/class_case1-eps-converted-to.p
df  used on input line 968.
(pdftex.def)             Requested size: 208.27438pt x 156.20866pt.
Package epstopdf Info: Source file: <BEB_Explanation/figures/class_case2.eps>
(epstopdf)                    date: 2022-02-15 01:17:53
(epstopdf)                    size: 115761 bytes
(epstopdf)             Output file: <BEB_Explanation/figures/class_case2-eps-co
nverted-to.pdf>
(epstopdf)                    date: 2022-02-15 01:18:22
(epstopdf)                    size: 40917 bytes
(epstopdf)             Command: <miktex-epstopdf --outfile=BEB_Explanation/figu
res/class_case2-eps-converted-to.pdf BEB_Explanation/figures/class_case2.eps>
(epstopdf)             \includegraphics on input line 977.
Package epstopdf Info: Output file is already uptodate.


pdfTeX warning: pdflatex.exe (file ./BEB_Explanation/figures/class_case2-eps-co
nverted-to.pdf): PDF inclusion: found PDF version <1.7>, but at most version <1
.5> allowed
<BEB_Explanation/figures/class_case2-eps-converted-to.pdf, id=337, 421.575pt x 
316.18124pt>
File: BEB_Explanation/figures/class_case2-eps-converted-to.pdf Graphic file (ty
pe pdf)
<use BEB_Explanation/figures/class_case2-eps-converted-to.pdf>
Package pdftex.def Info: BEB_Explanation/figures/class_case2-eps-converted-to.p
df  used on input line 977.
(pdftex.def)             Requested size: 208.27438pt x 156.20866pt.

LaTeX Warning: `!h' float specifier changed to `!ht'.

Package epstopdf Info: Source file: <BEB_Explanation/figures/class_case3.eps>
(epstopdf)                    date: 2022-02-15 01:19:07
(epstopdf)                    size: 578240 bytes
(epstopdf)             Output file: <BEB_Explanation/figures/class_case3-eps-co
nverted-to.pdf>
(epstopdf)                    date: 2022-02-15 01:21:12
(epstopdf)                    size: 167645 bytes
(epstopdf)             Command: <miktex-epstopdf --outfile=BEB_Explanation/figu
res/class_case3-eps-converted-to.pdf BEB_Explanation/figures/class_case3.eps>
(epstopdf)             \includegraphics on input line 986.
Package epstopdf Info: Output file is already uptodate.


pdfTeX warning: pdflatex.exe (file ./BEB_Explanation/figures/class_case3-eps-co
nverted-to.pdf): PDF inclusion: found PDF version <1.7>, but at most version <1
.5> allowed
<BEB_Explanation/figures/class_case3-eps-converted-to.pdf, id=338, 421.575pt x 
316.18124pt>
File: BEB_Explanation/figures/class_case3-eps-converted-to.pdf Graphic file (ty
pe pdf)
<use BEB_Explanation/figures/class_case3-eps-converted-to.pdf>
Package pdftex.def Info: BEB_Explanation/figures/class_case3-eps-converted-to.p
df  used on input line 986.
(pdftex.def)             Requested size: 208.27438pt x 156.20866pt.
[17 <./BEB_Explanation/figures/class_case1-eps-converted-to.pdf>]
Package epstopdf Info: Source file: <BEB_Explanation/figures/class_case4.eps>
(epstopdf)                    date: 2022-02-15 01:21:09
(epstopdf)                    size: 501826 bytes
(epstopdf)             Output file: <BEB_Explanation/figures/class_case4-eps-co
nverted-to.pdf>
(epstopdf)                    date: 2022-02-15 01:21:13
(epstopdf)                    size: 150755 bytes
(epstopdf)             Command: <miktex-epstopdf --outfile=BEB_Explanation/figu
res/class_case4-eps-converted-to.pdf BEB_Explanation/figures/class_case4.eps>
(epstopdf)             \includegraphics on input line 995.
Package epstopdf Info: Output file is already uptodate.


pdfTeX warning: pdflatex.exe (file ./BEB_Explanation/figures/class_case4-eps-co
nverted-to.pdf): PDF inclusion: found PDF version <1.7>, but at most version <1
.5> allowed
<BEB_Explanation/figures/class_case4-eps-converted-to.pdf, id=350, 421.575pt x 
316.18124pt>
File: BEB_Explanation/figures/class_case4-eps-converted-to.pdf Graphic file (ty
pe pdf)
<use BEB_Explanation/figures/class_case4-eps-converted-to.pdf>
Package pdftex.def Info: BEB_Explanation/figures/class_case4-eps-converted-to.p
df  used on input line 995.
(pdftex.def)             Requested size: 208.27438pt x 156.20866pt.
[18 <./BEB_Explanation/figures/class_case2-eps-converted-to.pdf> <./BEB_Explana
tion/figures/class_case3-eps-converted-to.pdf> <./BEB_Explanation/figures/class
_case4-eps-converted-to.pdf>] [19

] (document.Dec.aux)

LaTeX Warning: There were undefined references.

Package rerunfilecheck Info: File `document.Dec.out' has not changed.
(rerunfilecheck)             Checksum: 3B6158AC60BDA7F6FCBBA6D6E5FDE974;1313.

Package biblatex Warning: Please (re)run Biber on the file:
(biblatex)                document.Dec
(biblatex)                and rerun LaTeX afterwards.

Package logreq Info: Writing requests to 'document.Dec.run.xml'.
\openout1 = `document.Dec.run.xml'.

 ) 
Here is how much of TeX's memory you used:
 21274 strings out of 478536
 371543 string characters out of 2855149
 1095546 words of memory out of 3000000
 39091 multiletter control sequences out of 15000+600000
 478418 words of font info for 63 fonts, out of 8000000 for 9000
 1141 hyphenation exceptions out of 8191
 69i,16n,79p,1159b,1830s stack positions out of 10000i,1000n,20000p,200000b,80000s
 <C:\Users\hit_a\AppData\Local\MiKTeX\fonts/pk/ljfour/jknappen/ec/dpi600\tcrm
0600.pk> <C:\Users\hit_a\AppData\Local\MiKTeX\fonts/pk/ljfour/jknappen/ec/dpi60
0\tcrm0800.pk><D:/Latex/MiKTeX/fonts/type1/public/amsfonts/cm/cmbx10.pfb><D:/La
tex/MiKTeX/fonts/type1/public/amsfonts/cm/cmbx12.pfb><D:/Latex/MiKTeX/fonts/typ
e1/public/amsfonts/cm/cmbx5.pfb><D:/Latex/MiKTeX/fonts/type1/public/amsfonts/cm
/cmbx7.pfb><D:/Latex/MiKTeX/fonts/type1/public/amsfonts/cm/cmex10.pfb><D:/Latex
/MiKTeX/fonts/type1/public/amsfonts/cm/cmmi10.pfb><D:/Latex/MiKTeX/fonts/type1/
public/amsfonts/cm/cmmi12.pfb><D:/Latex/MiKTeX/fonts/type1/public/amsfonts/cm/c
mmi5.pfb><D:/Latex/MiKTeX/fonts/type1/public/amsfonts/cm/cmmi7.pfb><D:/Latex/Mi
KTeX/fonts/type1/public/amsfonts/cm/cmmi8.pfb><D:/Latex/MiKTeX/fonts/type1/publ
ic/amsfonts/cm/cmr10.pfb><D:/Latex/MiKTeX/fonts/type1/public/amsfonts/cm/cmr12.
pfb><D:/Latex/MiKTeX/fonts/type1/public/amsfonts/cm/cmr17.pfb><D:/Latex/MiKTeX/
fonts/type1/public/amsfonts/cm/cmr5.pfb><D:/Latex/MiKTeX/fonts/type1/public/ams
fonts/cm/cmr7.pfb><D:/Latex/MiKTeX/fonts/type1/public/amsfonts/cm/cmr8.pfb><D:/
Latex/MiKTeX/fonts/type1/public/amsfonts/cm/cmsy10.pfb><D:/Latex/MiKTeX/fonts/t
ype1/public/amsfonts/cm/cmsy5.pfb><D:/Latex/MiKTeX/fonts/type1/public/amsfonts/
cm/cmsy7.pfb><D:/Latex/MiKTeX/fonts/type1/public/amsfonts/symbols/msam10.pfb><D
:/Latex/MiKTeX/fonts/type1/public/amsfonts/symbols/msbm10.pfb>
Output written on document.Dec.pdf (19 pages, 1155203 bytes).
PDF statistics:
 502 PDF objects out of 1000 (max. 8388607)
 126 named destinations out of 1000 (max. 500000)
 153 words of extra memory for PDF output out of 10000 (max. 10000000)

