This is pdfTeX, Version 3.141592653-2.6-1.40.25 (MiKTeX 23.5) (preloaded format=pdflatex 2023.5.7)  26 NOV 2023 18:27
entering extended mode
 restricted \write18 enabled.
 %&-line parsing enabled.
**./main.tex
(main.tex
LaTeX2e <2022-11-01> patch level 1
L3 programming layer <2023-04-20>
(C:\Program Files\Latex\MiKTeX\tex/latex/base\article.cls
Document Class: article 2022/07/02 v1.4n Standard LaTeX document class
(C:\Program Files\Latex\MiKTeX\tex/latex/base\size10.clo
File: size10.clo 2022/07/02 v1.4n Standard LaTeX file (size option)
)
\c@part=\count185
\c@section=\count186
\c@subsection=\count187
\c@subsubsection=\count188
\c@paragraph=\count189
\c@subparagraph=\count190
\c@figure=\count191
\c@table=\count192
\abovecaptionskip=\skip48
\belowcaptionskip=\skip49
\bibindent=\dimen140
)
(C:\Program Files\Latex\MiKTeX\tex/generic/babel\babel.sty
Package: babel 2023/04/18 3.88 The Babel package
\babel@savecnt=\count193
\U@D=\dimen141
\l@unhyphenated=\language79

(C:\Program Files\Latex\MiKTeX\tex/generic/babel\txtbabel.def)
\bbl@readstream=\read2
\bbl@dirlevel=\count194

*************************************
* Local config file bblopts.cfg used
*
(C:\Program Files\Latex\MiKTeX\tex/latex/arabi\bblopts.cfg
File: bblopts.cfg 2005/09/08 v0.1 add Arabic and Farsi to "declared" options of
 babel
)
(C:\Program Files\Latex\MiKTeX\tex/latex/babel-english\english.ldf
Language: english 2017/06/06 v3.3r English support from the babel system
Package babel Info: Hyphen rules for 'canadian' set to \l@english
(babel)             (\language0). Reported on input line 102.
Package babel Info: Hyphen rules for 'australian' set to \l@ukenglish
(babel)             (\language73). Reported on input line 105.
Package babel Info: Hyphen rules for 'newzealand' set to \l@ukenglish
(babel)             (\language73). Reported on input line 108.
))
(C:\Program Files\Latex\MiKTeX\tex/generic/babel/locale/en\babel-english.tex
Package babel Info: Importing font and identification data for english
(babel)             from babel-en.ini. Reported on input line 11.
)
(C:\Program Files\Latex\MiKTeX\tex/latex/comment\comment.sty
\CommentStream=\write3

Excluding comment 'comment')
(C:\Program Files\Latex\MiKTeX\tex/latex/geometry\geometry.sty
Package: geometry 2020/01/02 v5.9 Page Geometry

(C:\Program Files\Latex\MiKTeX\tex/latex/graphics\keyval.sty
Package: keyval 2022/05/29 v1.15 key=value parser (DPC)
\KV@toks@=\toks16
)
(C:\Program Files\Latex\MiKTeX\tex/generic/iftex\ifvtex.sty
Package: ifvtex 2019/10/25 v1.7 ifvtex legacy package. Use iftex instead.

(C:\Program Files\Latex\MiKTeX\tex/generic/iftex\iftex.sty
Package: iftex 2022/02/03 v1.0f TeX engine tests
))
\Gm@cnth=\count195
\Gm@cntv=\count196
\c@Gm@tempcnt=\count197
\Gm@bindingoffset=\dimen142
\Gm@wd@mp=\dimen143
\Gm@odd@mp=\dimen144
\Gm@even@mp=\dimen145
\Gm@layoutwidth=\dimen146
\Gm@layoutheight=\dimen147
\Gm@layouthoffset=\dimen148
\Gm@layoutvoffset=\dimen149
\Gm@dimlist=\toks17

(C:\Program Files\Latex\MiKTeX\tex/latex/geometry\geometry.cfg))
(C:\Program Files\Latex\MiKTeX\tex/latex/amsmath\amsmath.sty
Package: amsmath 2022/04/08 v2.17n AMS math features
\@mathmargin=\skip50

For additional information on amsmath, use the `?' option.
(C:\Program Files\Latex\MiKTeX\tex/latex/amsmath\amstext.sty
Package: amstext 2021/08/26 v2.01 AMS text

(C:\Program Files\Latex\MiKTeX\tex/latex/amsmath\amsgen.sty
File: amsgen.sty 1999/11/30 v2.0 generic functions
\@emptytoks=\toks18
\ex@=\dimen150
))
(C:\Program Files\Latex\MiKTeX\tex/latex/amsmath\amsbsy.sty
Package: amsbsy 1999/11/29 v1.2d Bold Symbols
\pmbraise@=\dimen151
)
(C:\Program Files\Latex\MiKTeX\tex/latex/amsmath\amsopn.sty
Package: amsopn 2022/04/08 v2.04 operator names
)
\inf@bad=\count198
LaTeX Info: Redefining \frac on input line 234.
\uproot@=\count199
\leftroot@=\count266
LaTeX Info: Redefining \overline on input line 399.
LaTeX Info: Redefining \colon on input line 410.
\classnum@=\count267
\DOTSCASE@=\count268
LaTeX Info: Redefining \ldots on input line 496.
LaTeX Info: Redefining \dots on input line 499.
LaTeX Info: Redefining \cdots on input line 620.
\Mathstrutbox@=\box51
\strutbox@=\box52
LaTeX Info: Redefining \big on input line 722.
LaTeX Info: Redefining \Big on input line 723.
LaTeX Info: Redefining \bigg on input line 724.
LaTeX Info: Redefining \Bigg on input line 725.
\big@size=\dimen152
LaTeX Font Info:    Redeclaring font encoding OML on input line 743.
LaTeX Font Info:    Redeclaring font encoding OMS on input line 744.
\macc@depth=\count269
LaTeX Info: Redefining \bmod on input line 905.
LaTeX Info: Redefining \pmod on input line 910.
LaTeX Info: Redefining \smash on input line 940.
LaTeX Info: Redefining \relbar on input line 970.
LaTeX Info: Redefining \Relbar on input line 971.
\c@MaxMatrixCols=\count270
\dotsspace@=\muskip16
\c@parentequation=\count271
\dspbrk@lvl=\count272
\tag@help=\toks19
\row@=\count273
\column@=\count274
\maxfields@=\count275
\andhelp@=\toks20
\eqnshift@=\dimen153
\alignsep@=\dimen154
\tagshift@=\dimen155
\tagwidth@=\dimen156
\totwidth@=\dimen157
\lineht@=\dimen158
\@envbody=\toks21
\multlinegap=\skip51
\multlinetaggap=\skip52
\mathdisplay@stack=\toks22
LaTeX Info: Redefining \[ on input line 2953.
LaTeX Info: Redefining \] on input line 2954.
)
(C:\Program Files\Latex\MiKTeX\tex/latex/amsfonts\amssymb.sty
Package: amssymb 2013/01/14 v3.01 AMS font symbols

(C:\Program Files\Latex\MiKTeX\tex/latex/amsfonts\amsfonts.sty
Package: amsfonts 2013/01/14 v3.01 Basic AMSFonts support
\symAMSa=\mathgroup4
\symAMSb=\mathgroup5
LaTeX Font Info:    Redeclaring math symbol \hbar on input line 98.
LaTeX Font Info:    Overwriting math alphabet `\mathfrak' in version `bold'
(Font)                  U/euf/m/n --> U/euf/b/n on input line 106.
))
(C:\Program Files\Latex\MiKTeX\tex/latex/paracol\paracol.sty
Package: paracol 2018/12/31 v1.35 
\pcol@currcol=\count276
\pcol@nextcol=\count277
\pcol@ncol=\count278
\pcol@ncolleft=\count279
\pcol@page=\count280
\pcol@basepage=\count281
\pcol@toppage=\count282
\pcol@footnotebase=\count283
\pcol@nfootnotes=\count284
\pcol@mcid=\count285
\pcol@prevdepth=\dimen159
\pcol@colht=\dimen160
\pcol@textfloatsep=\dimen161
\pcol@lrmargin=\dimen162
\pagerim=\dimen163
\pcol@topskip=\skip53
\belowfootnoteskip=\skip54
\pcol@topfnotes=\box53
\pcol@prespan=\box54
\pcol@rightpage=\box55
\pcol@colorstack@saved=\box56
\pcol@tempboxa=\box57
\pcol@tempboxb=\box58
\pcol@colorins=\insert252
\pcol@everyvbox=\toks23
)
(C:\Program Files\Latex\MiKTeX\tex/latex/graphics\graphicx.sty
Package: graphicx 2021/09/16 v1.2d Enhanced LaTeX Graphics (DPC,SPQR)

(C:\Program Files\Latex\MiKTeX\tex/latex/graphics\graphics.sty
Package: graphics 2022/03/10 v1.4e Standard LaTeX Graphics (DPC,SPQR)

(C:\Program Files\Latex\MiKTeX\tex/latex/graphics\trig.sty
Package: trig 2021/08/11 v1.11 sin cos tan (DPC)
)
(C:\Program Files\Latex\MiKTeX\tex/latex/graphics-cfg\graphics.cfg
File: graphics.cfg 2016/06/04 v1.11 sample graphics configuration
)
Package graphics Info: Driver file: pdftex.def on input line 107.

(C:\Program Files\Latex\MiKTeX\tex/latex/graphics-def\pdftex.def
File: pdftex.def 2022/09/22 v1.2b Graphics/color driver for pdftex
))
\Gin@req@height=\dimen164
\Gin@req@width=\dimen165
)
(C:\Program Files\Latex\MiKTeX\tex/latex/subfig\subfig.sty
Package: subfig 2005/06/28 ver: 1.3 subfig package

(C:\Program Files\Latex\MiKTeX\tex/latex/caption\caption.sty
Package: caption 2023/03/12 v3.6j Customizing captions (AR)

(C:\Program Files\Latex\MiKTeX\tex/latex/caption\caption3.sty
Package: caption3 2023/03/12 v2.4 caption3 kernel (AR)
\caption@tempdima=\dimen166
\captionmargin=\dimen167
\caption@leftmargin=\dimen168
\caption@rightmargin=\dimen169
\caption@width=\dimen170
\caption@indent=\dimen171
\caption@parindent=\dimen172
\caption@hangindent=\dimen173
Package caption Info: Standard document class detected.
)
\c@caption@flags=\count286
\c@continuedfloat=\count287
)
\c@KVtest=\count288
\sf@farskip=\skip55
\sf@captopadj=\dimen174
\sf@capskip=\skip56
\sf@nearskip=\skip57
\c@subfigure=\count289
\c@subfigure@save=\count290
\c@lofdepth=\count291
\c@subtable=\count292
\c@subtable@save=\count293
\c@lotdepth=\count294
\sf@top=\skip58
\sf@bottom=\skip59
)
(C:\Program Files\Latex\MiKTeX\tex/latex/hyperref\hyperref.sty
Package: hyperref 2023-04-22 v7.00x Hypertext links for LaTeX

(C:\Program Files\Latex\MiKTeX\tex/generic/ltxcmds\ltxcmds.sty
Package: ltxcmds 2020-05-10 v1.25 LaTeX kernel commands for general use (HO)
)
(C:\Program Files\Latex\MiKTeX\tex/generic/pdftexcmds\pdftexcmds.sty
Package: pdftexcmds 2020-06-27 v0.33 Utility functions of pdfTeX for LuaTeX (HO
)

(C:\Program Files\Latex\MiKTeX\tex/generic/infwarerr\infwarerr.sty
Package: infwarerr 2019/12/03 v1.5 Providing info/warning/error messages (HO)
)
Package pdftexcmds Info: \pdf@primitive is available.
Package pdftexcmds Info: \pdf@ifprimitive is available.
Package pdftexcmds Info: \pdfdraftmode found.
)
(C:\Program Files\Latex\MiKTeX\tex/latex/kvsetkeys\kvsetkeys.sty
Package: kvsetkeys 2022-10-05 v1.19 Key value parser (HO)
)
(C:\Program Files\Latex\MiKTeX\tex/generic/kvdefinekeys\kvdefinekeys.sty
Package: kvdefinekeys 2019-12-19 v1.6 Define keys (HO)
)
(C:\Program Files\Latex\MiKTeX\tex/generic/pdfescape\pdfescape.sty
Package: pdfescape 2019/12/09 v1.15 Implements pdfTeX's escape features (HO)
)
(C:\Program Files\Latex\MiKTeX\tex/latex/hycolor\hycolor.sty
Package: hycolor 2020-01-27 v1.10 Color options for hyperref/bookmark (HO)
)
(C:\Program Files\Latex\MiKTeX\tex/latex/letltxmacro\letltxmacro.sty
Package: letltxmacro 2019/12/03 v1.6 Let assignment for LaTeX macros (HO)
)
(C:\Program Files\Latex\MiKTeX\tex/latex/auxhook\auxhook.sty
Package: auxhook 2019-12-17 v1.6 Hooks for auxiliary files (HO)
)
(C:\Program Files\Latex\MiKTeX\tex/latex/hyperref\nameref.sty
Package: nameref 2022-05-17 v2.50 Cross-referencing by name of section

(C:\Program Files\Latex\MiKTeX\tex/latex/refcount\refcount.sty
Package: refcount 2019/12/15 v3.6 Data extraction from label references (HO)
)
(C:\Program Files\Latex\MiKTeX\tex/generic/gettitlestring\gettitlestring.sty
Package: gettitlestring 2019/12/15 v1.6 Cleanup title references (HO)

(C:\Program Files\Latex\MiKTeX\tex/latex/kvoptions\kvoptions.sty
Package: kvoptions 2022-06-15 v3.15 Key value format for package options (HO)
))
\c@section@level=\count295
)
(C:\Program Files\Latex\MiKTeX\tex/latex/etoolbox\etoolbox.sty
Package: etoolbox 2020/10/05 v2.5k e-TeX tools for LaTeX (JAW)
\etb@tempcnta=\count296
)
\@linkdim=\dimen175
\Hy@linkcounter=\count297
\Hy@pagecounter=\count298

(C:\Program Files\Latex\MiKTeX\tex/latex/hyperref\pd1enc.def
File: pd1enc.def 2023-04-22 v7.00x Hyperref: PDFDocEncoding definition (HO)
Now handling font encoding PD1 ...
... no UTF-8 mapping file for font encoding PD1
)
(C:\Program Files\Latex\MiKTeX\tex/generic/intcalc\intcalc.sty
Package: intcalc 2019/12/15 v1.3 Expandable calculations with integers (HO)
)
\Hy@SavedSpaceFactor=\count299

(C:\Program Files\Latex\MiKTeX\tex/latex/hyperref\puenc.def
File: puenc.def 2023-04-22 v7.00x Hyperref: PDF Unicode definition (HO)
Now handling font encoding PU ...
... no UTF-8 mapping file for font encoding PU
)
Package hyperref Info: Option `colorlinks' set `true' on input line 4065.
Package hyperref Info: Hyper figures OFF on input line 4182.
Package hyperref Info: Link nesting OFF on input line 4187.
Package hyperref Info: Hyper index ON on input line 4190.
Package hyperref Info: Plain pages OFF on input line 4197.
Package hyperref Info: Backreferencing OFF on input line 4202.
Package hyperref Info: Implicit mode ON; LaTeX internals redefined.
Package hyperref Info: Bookmarks ON on input line 4449.
\c@Hy@tempcnt=\count300

(C:\Program Files\Latex\MiKTeX\tex/latex/url\url.sty
\Urlmuskip=\muskip17
Package: url 2013/09/16  ver 3.4  Verb mode for urls, etc.
)
LaTeX Info: Redefining \url on input line 4787.
\XeTeXLinkMargin=\dimen176

(C:\Program Files\Latex\MiKTeX\tex/generic/bitset\bitset.sty
Package: bitset 2019/12/09 v1.3 Handle bit-vector datatype (HO)

(C:\Program Files\Latex\MiKTeX\tex/generic/bigintcalc\bigintcalc.sty
Package: bigintcalc 2019/12/15 v1.5 Expandable calculations on big integers (HO
)
))
\Fld@menulength=\count301
\Field@Width=\dimen177
\Fld@charsize=\dimen178
Package hyperref Info: Hyper figures OFF on input line 6066.
Package hyperref Info: Link nesting OFF on input line 6071.
Package hyperref Info: Hyper index ON on input line 6074.
Package hyperref Info: backreferencing OFF on input line 6081.
Package hyperref Info: Link coloring ON on input line 6084.
Package hyperref Info: Link coloring with OCG OFF on input line 6091.
Package hyperref Info: PDF/A mode OFF on input line 6096.

(C:\Program Files\Latex\MiKTeX\tex/latex/base\atbegshi-ltx.sty
Package: atbegshi-ltx 2021/01/10 v1.0c Emulation of the original atbegshi
package with kernel methods
)
\Hy@abspage=\count302
\c@Item=\count303
\c@Hfootnote=\count304
)
Package hyperref Info: Driver (autodetected): hpdftex.

(C:\Program Files\Latex\MiKTeX\tex/latex/hyperref\hpdftex.def
File: hpdftex.def 2023-04-22 v7.00x Hyperref driver for pdfTeX

(C:\Program Files\Latex\MiKTeX\tex/latex/base\atveryend-ltx.sty
Package: atveryend-ltx 2020/08/19 v1.0a Emulation of the original atveryend pac
kage
with kernel methods
)
\Fld@listcount=\count305
\c@bookmark@seq@number=\count306

(C:\Program Files\Latex\MiKTeX\tex/latex/rerunfilecheck\rerunfilecheck.sty
Package: rerunfilecheck 2022-07-10 v1.10 Rerun checks for auxiliary files (HO)

(C:\Program Files\Latex\MiKTeX\tex/generic/uniquecounter\uniquecounter.sty
Package: uniquecounter 2019/12/15 v1.4 Provide unlimited unique counter (HO)
)
Package uniquecounter Info: New unique counter `rerunfilecheck' on input line 2
85.
)
\Hy@SectionHShift=\skip60
)
(C:\Program Files\Latex\MiKTeX\tex/latex/l3backend\l3backend-pdftex.def
File: l3backend-pdftex.def 2023-04-19 L3 backend support: PDF output (pdfTeX)
\l__color_backend_stack_int=\count307
\l__pdf_internal_box=\box59
)
(main.aux)
\openout1 = `main.aux'.

LaTeX Font Info:    Checking defaults for OML/cmm/m/it on input line 24.
LaTeX Font Info:    ... okay on input line 24.
LaTeX Font Info:    Checking defaults for OMS/cmsy/m/n on input line 24.
LaTeX Font Info:    ... okay on input line 24.
LaTeX Font Info:    Checking defaults for OT1/cmr/m/n on input line 24.
LaTeX Font Info:    ... okay on input line 24.
LaTeX Font Info:    Checking defaults for T1/cmr/m/n on input line 24.
LaTeX Font Info:    ... okay on input line 24.
LaTeX Font Info:    Checking defaults for TS1/cmr/m/n on input line 24.
LaTeX Font Info:    ... okay on input line 24.
LaTeX Font Info:    Checking defaults for OMX/cmex/m/n on input line 24.
LaTeX Font Info:    ... okay on input line 24.
LaTeX Font Info:    Checking defaults for U/cmr/m/n on input line 24.
LaTeX Font Info:    ... okay on input line 24.
LaTeX Font Info:    Checking defaults for PD1/pdf/m/n on input line 24.
LaTeX Font Info:    ... okay on input line 24.
LaTeX Font Info:    Checking defaults for PU/pdf/m/n on input line 24.
LaTeX Font Info:    ... okay on input line 24.

*geometry* driver: auto-detecting
*geometry* detected driver: pdftex
*geometry* verbose mode - [ preamble ] result:
* driver: pdftex
* paper: letterpaper
* layout: <same size as paper>
* layoutoffset:(h,v)=(0.0pt,0.0pt)
* modes: 
* h-part:(L,W,R)=(85.35826pt, 443.57848pt, 85.35826pt)
* v-part:(T,H,B)=(56.9055pt, 681.15898pt, 56.9055pt)
* \paperwidth=614.295pt
* \paperheight=794.96999pt
* \textwidth=443.57848pt
* \textheight=681.15898pt
* \oddsidemargin=13.08827pt
* \evensidemargin=13.08827pt
* \topmargin=-52.36449pt
* \headheight=12.0pt
* \headsep=25.0pt
* \topskip=10.0pt
* \footskip=30.0pt
* \marginparwidth=49.79231pt
* \marginparsep=11.0pt
* \columnsep=10.0pt
* \skip\footins=9.0pt plus 4.0pt minus 2.0pt
* \hoffset=0.0pt
* \voffset=0.0pt
* \mag=1000
* \@twocolumnfalse
* \@twosidefalse
* \@mparswitchfalse
* \@reversemarginfalse
* (1in=72.27pt=25.4mm, 1cm=28.453pt)

(C:\Program Files\Latex\MiKTeX\tex/context/base/mkii\supp-pdf.mkii
[Loading MPS to PDF converter (version 2006.09.02).]
\scratchcounter=\count308
\scratchdimen=\dimen179
\scratchbox=\box60
\nofMPsegments=\count309
\nofMParguments=\count310
\everyMPshowfont=\toks24
\MPscratchCnt=\count311
\MPscratchDim=\dimen180
\MPnumerator=\count312
\makeMPintoPDFobject=\count313
\everyMPtoPDFconversion=\toks25
) (C:\Program Files\Latex\MiKTeX\tex/latex/epstopdf-pkg\epstopdf-base.sty
Package: epstopdf-base 2020-01-24 v2.11 Base part for package epstopdf
Package epstopdf-base Info: Redefining graphics rule for `.eps' on input line 4
85.

(C:\Program Files\Latex\MiKTeX\tex/latex/00miktex\epstopdf-sys.cfg
File: epstopdf-sys.cfg 2021/03/18 v2.0 Configuration of epstopdf for MiKTeX
))
Package caption Info: Begin \AtBeginDocument code.
Package caption Info: subfig package v1.3 is loaded.
Package caption Info: hyperref package is loaded.
Package caption Info: End \AtBeginDocument code.

(C:\Program Files\Latex\MiKTeX\tex/latex/graphics\color.sty
Package: color 2022/01/06 v1.3d Standard LaTeX Color (DPC)

(C:\Program Files\Latex\MiKTeX\tex/latex/graphics-cfg\color.cfg
File: color.cfg 2016/01/02 v1.6 sample color configuration
)
Package color Info: Driver file: pdftex.def on input line 149.

(C:\Program Files\Latex\MiKTeX\tex/latex/graphics\mathcolor.ltx))
Package hyperref Info: Link coloring ON on input line 24.
 (main.out)
(main.out)
\@outlinefile=\write4
\openout4 = `main.out'.

LaTeX Font Info:    Trying to load font information for U+msa on input line 26.

 (C:\Program Files\Latex\MiKTeX\tex/latex/amsfonts\umsa.fd
File: umsa.fd 2013/01/14 v3.01 AMS symbols A
)
LaTeX Font Info:    Trying to load font information for U+msb on input line 26.


(C:\Program Files\Latex\MiKTeX\tex/latex/amsfonts\umsb.fd
File: umsb.fd 2013/01/14 v3.01 AMS symbols B
) [1

{C:/Users/ib20968/AppData/Local/MiKTeX/fonts/map/pdftex/pdftex.map}]

Package hyperref Warning: Token not allowed in a PDF string (Unicode):
(hyperref)                removing `math shift' on input line 89.


Package hyperref Warning: Token not allowed in a PDF string (Unicode):
(hyperref)                removing `math shift' on input line 89.

<pictures/SDOF_model.png, id=90, 157.7895pt x 93.951pt>
File: pictures/SDOF_model.png Graphic file (type png)
<use pictures/SDOF_model.png>
Package pdftex.def Info: pictures/SDOF_model.png  used on input line 98.
(pdftex.def)             Requested size: 221.78923pt x 132.0638pt.
[2 <./pictures/SDOF_model.png>]
Overfull \hbox (17.02461pt too wide) detected at line 128
[]
 []

<pictures/auxiliary_fun.png, id=108, 520.19344pt x 253.69781pt>
File: pictures/auxiliary_fun.png Graphic file (type png)
<use pictures/auxiliary_fun.png>
Package pdftex.def Info: pictures/auxiliary_fun.png  used on input line 137.
(pdftex.def)             Requested size: 266.14978pt x 129.79837pt.
[3 <./pictures/auxiliary_fun.png>]

Package hyperref Warning: Token not allowed in a PDF string (Unicode):
(hyperref)                removing `math shift' on input line 152.


Package hyperref Warning: Token not allowed in a PDF string (Unicode):
(hyperref)                removing `\xi' on input line 152.


Package hyperref Warning: Token not allowed in a PDF string (Unicode):
(hyperref)                removing `math shift' on input line 152.

<pictures/SDOF_impact_S.png, id=128, 509.5035pt x 372.79276pt>
File: pictures/SDOF_impact_S.png Graphic file (type png)
<use pictures/SDOF_impact_S.png>
Package pdftex.def Info: pictures/SDOF_impact_S.png  used on input line 188.
(pdftex.def)             Requested size: 221.7877pt x 204.35403pt.
<pictures/SDOF_impact_mu0.png, id=129, 406.51875pt x 422.7795pt>
File: pictures/SDOF_impact_mu0.png Graphic file (type png)
<use pictures/SDOF_impact_mu0.png>
Package pdftex.def Info: pictures/SDOF_impact_mu0.png  used on input line 191.
(pdftex.def)             Requested size: 199.60895pt x 207.58952pt.
<pictures/SDOF_impact_US.png, id=130, 406.51875pt x 553.46774pt>
File: pictures/SDOF_impact_US.png Graphic file (type png)
<use pictures/SDOF_impact_US.png>
Package pdftex.def Info: pictures/SDOF_impact_US.png  used on input line 194.
(pdftex.def)             Requested size: 199.60895pt x 271.75894pt.

Package hyperref Warning: Token not allowed in a PDF string (Unicode):
(hyperref)                removing `math shift' on input line 200.


Package hyperref Warning: Token not allowed in a PDF string (Unicode):
(hyperref)                removing `\xi' on input line 200.


Package hyperref Warning: Token not allowed in a PDF string (Unicode):
(hyperref)                removing `math shift' on input line 200.


LaTeX Warning: Reference `fig:three cases for mu ' on page 4 undefined on input
 line 204.

[4] [5 <./pictures/SDOF_impact_S.png> <./pictures/SDOF_impact_mu0.png> <./pictu
res/SDOF_impact_US.png>]

Package hyperref Warning: Token not allowed in a PDF string (Unicode):
(hyperref)                removing `math shift' on input line 205.


Package hyperref Warning: Token not allowed in a PDF string (Unicode):
(hyperref)                removing `\xi' on input line 205.


Package hyperref Warning: Token not allowed in a PDF string (Unicode):
(hyperref)                removing `math shift' on input line 205.


Package hyperref Warning: Token not allowed in a PDF string (Unicode):
(hyperref)                removing `math shift' on input line 209.


Package hyperref Warning: Token not allowed in a PDF string (Unicode):
(hyperref)                removing `math shift' on input line 209.


Package caption Warning: \label without proper reference on input line 294.
See the caption package documentation for explanation.


LaTeX Warning: Reference `fig:2DOF_diagram' on page 6 undefined on input line 2
85.

<pictures/2Dof_eigen_value.png, id=162, 632.3625pt x 474.27188pt>
File: pictures/2Dof_eigen_value.png Graphic file (type png)
<use pictures/2Dof_eigen_value.png>
Package pdftex.def Info: pictures/2Dof_eigen_value.png  used on input line 289.

(pdftex.def)             Requested size: 221.78923pt x 166.33777pt.
<pictures/2Dof_m1_diagram.png, id=163, 632.3625pt x 474.27188pt>
File: pictures/2Dof_m1_diagram.png Graphic file (type png)
<use pictures/2Dof_m1_diagram.png>
Package pdftex.def Info: pictures/2Dof_m1_diagram.png  used on input line 291.
(pdftex.def)             Requested size: 221.78923pt x 166.33777pt.
<pictures/2Dof_m2_diagram.png, id=164, 632.3625pt x 474.27188pt>
File: pictures/2Dof_m2_diagram.png Graphic file (type png)
<use pictures/2Dof_m2_diagram.png>
Package pdftex.def Info: pictures/2Dof_m2_diagram.png  used on input line 293.
(pdftex.def)             Requested size: 221.78923pt x 166.33777pt.

Package hyperref Warning: Difference (2) between bookmark levels is greater 
(hyperref)                than one, level fixed on input line 298.

[6] [7 <./pictures/2Dof_eigen_value.png (PNG copy)> <./pictures/2Dof_m1_diagram
.png (PNG copy)> <./pictures/2Dof_m2_diagram.png (PNG copy)>]
Package epstopdf Info: Source file: <pictures/SDOF_BEB.eps>
(epstopdf)                    date: 2021-10-07 16:21:26
(epstopdf)                    size: 42881 bytes
(epstopdf)             Output file: <pictures/SDOF_BEB-eps-converted-to.pdf>
(epstopdf)                    date: 2021-10-07 17:24:23
(epstopdf)                    size: 24800 bytes
(epstopdf)             Command: <miktex-epstopdf --outfile=pictures/SDOF_BEB-ep
s-converted-to.pdf pictures/SDOF_BEB.eps>
(epstopdf)             \includegraphics on input line 321.
Package epstopdf Info: Output file is already uptodate.


pdfTeX warning: pdflatex.exe (file ./pictures/SDOF_BEB-eps-converted-to.pdf): P
DF inclusion: found PDF version <1.7>, but at most version <1.5> allowed
<pictures/SDOF_BEB-eps-converted-to.pdf, id=184, 421.575pt x 316.18124pt>
File: pictures/SDOF_BEB-eps-converted-to.pdf Graphic file (type pdf)
<use pictures/SDOF_BEB-eps-converted-to.pdf>
Package pdftex.def Info: pictures/SDOF_BEB-eps-converted-to.pdf  used on input 
line 321.
(pdftex.def)             Requested size: 266.14978pt x 199.61496pt.
[8 <./pictures/SDOF_BEB-eps-converted-to.pdf>] [9]
Package epstopdf Info: Source file: <pictures/2DOF_coupling_Pert.eps>
(epstopdf)                    date: 2021-10-07 16:21:26
(epstopdf)                    size: 37355 bytes
(epstopdf)             Output file: <pictures/2DOF_coupling_Pert-eps-converted-
to.pdf>
(epstopdf)                    date: 2021-10-07 17:24:24
(epstopdf)                    size: 35366 bytes
(epstopdf)             Command: <miktex-epstopdf --outfile=pictures/2DOF_coupli
ng_Pert-eps-converted-to.pdf pictures/2DOF_coupling_Pert.eps>
(epstopdf)             \includegraphics on input line 393.
Package epstopdf Info: Output file is already uptodate.


pdfTeX warning: pdflatex.exe (file ./pictures/2DOF_coupling_Pert-eps-converted-
to.pdf): PDF inclusion: found PDF version <1.7>, but at most version <1.5> allo
wed
<pictures/2DOF_coupling_Pert-eps-converted-to.pdf, id=235, 421.575pt x 316.1812
4pt>
File: pictures/2DOF_coupling_Pert-eps-converted-to.pdf Graphic file (type pdf)
<use pictures/2DOF_coupling_Pert-eps-converted-to.pdf>
Package pdftex.def Info: pictures/2DOF_coupling_Pert-eps-converted-to.pdf  used
 on input line 393.
(pdftex.def)             Requested size: 354.86412pt x 266.15489pt.

Overfull \hbox (7.19362pt too wide) in paragraph at lines 399--400
\OT1/cmr/m/n/10 as im-pact when col-lid-ing with the main body. In this model, 
$\OML/cmm/m/it/10 H\OT1/cmr/m/n/10 (\OML/cmm/m/it/10 x\OT1/cmr/m/n/10 ) = \OML/
cmm/m/it/10 ^^N[] \OMS/cmsy/m/n/10 ^^@ \OML/cmm/m/it/10 ^^L[]$\OT1/cmr/m/n/10 ,
 $\OML/cmm/m/it/10 x \OT1/cmr/m/n/10 = [\OML/cmm/m/it/10 ^^P; ; ^^L; []; []; [
]; w[]; w[]\OT1/cmr/m/n/10 ][]$. 
 []

[10 <./pictures/2DOF_coupling_Pert-eps-converted-to.pdf>]
<pictures/flap_bifurcation.png, id=252, 526.96875pt x 395.22656pt>
File: pictures/flap_bifurcation.png Graphic file (type png)
<use pictures/flap_bifurcation.png>
Package pdftex.def Info: pictures/flap_bifurcation.png  used on input line 426.

(pdftex.def)             Requested size: 221.78923pt x 166.3438pt.
<pictures/heave_bifurcation.png, id=253, 526.96875pt x 395.22656pt>
File: pictures/heave_bifurcation.png Graphic file (type png)
<use pictures/heave_bifurcation.png>
Package pdftex.def Info: pictures/heave_bifurcation.png  used on input line 427
.
(pdftex.def)             Requested size: 221.78923pt x 166.3438pt.
 [11 <./pictures/flap_bifurcation.png> <./pictures/heave_bifurcation.png>] [12

]

LaTeX Warning: Command \O invalid in math mode on input line 543.

[13]
Underfull \hbox (badness 10000) in paragraph at lines 578--579

 []


Underfull \hbox (badness 10000) in paragraph at lines 580--581

 []


Overfull \hbox (36.71408pt too wide) detected at line 613
[]
 []

[14]
Overfull \hbox (23.95892pt too wide) detected at line 654
[]
 []

[15]
Overfull \hbox (60.78484pt too wide) detected at line 686
[]
 []


Overfull \hbox (75.61317pt too wide) detected at line 716
[]
 []

[16]
Package epstopdf Info: Source file: <1BoundaryConditions_Method3plot2d32.eps>
(epstopdf)                    date: 2021-10-08 01:31:28
(epstopdf)                    size: 123199 bytes
(epstopdf)             Output file: <1BoundaryConditions_Method3plot2d32-eps-co
nverted-to.pdf>
(epstopdf)                    date: 2021-10-08 01:33:01
(epstopdf)                    size: 24908 bytes
(epstopdf)             Command: <miktex-epstopdf --outfile=1BoundaryConditions_
Method3plot2d32-eps-converted-to.pdf 1BoundaryConditions_Method3plot2d32.eps>
(epstopdf)             \includegraphics on input line 719.
Package epstopdf Info: Output file is already uptodate.


pdfTeX warning: pdflatex.exe (file ./1BoundaryConditions_Method3plot2d32-eps-co
nverted-to.pdf): PDF inclusion: found PDF version <1.7>, but at most version <1
.5> allowed
<1BoundaryConditions_Method3plot2d32-eps-converted-to.pdf, id=314, 557.08125pt 
x 557.08125pt>
File: 1BoundaryConditions_Method3plot2d32-eps-converted-to.pdf Graphic file (ty
pe pdf)
<use 1BoundaryConditions_Method3plot2d32-eps-converted-to.pdf>
Package pdftex.def Info: 1BoundaryConditions_Method3plot2d32-eps-converted-to.p
df  used on input line 719.
(pdftex.def)             Requested size: 221.78923pt x 221.783pt.
Package epstopdf Info: Source file: <1BoundaryConditions_Method3plot2d34.eps>
(epstopdf)                    date: 2021-10-08 01:31:36
(epstopdf)                    size: 138255 bytes
(epstopdf)             Output file: <1BoundaryConditions_Method3plot2d34-eps-co
nverted-to.pdf>
(epstopdf)                    date: 2021-10-08 01:33:02
(epstopdf)                    size: 32096 bytes
(epstopdf)             Command: <miktex-epstopdf --outfile=1BoundaryConditions_
Method3plot2d34-eps-converted-to.pdf 1BoundaryConditions_Method3plot2d34.eps>
(epstopdf)             \includegraphics on input line 720.
Package epstopdf Info: Output file is already uptodate.


pdfTeX warning: pdflatex.exe (file ./1BoundaryConditions_Method3plot2d34-eps-co
nverted-to.pdf): PDF inclusion: found PDF version <1.7>, but at most version <1
.5> allowed
<1BoundaryConditions_Method3plot2d34-eps-converted-to.pdf, id=315, 557.08125pt 
x 557.08125pt>
File: 1BoundaryConditions_Method3plot2d34-eps-converted-to.pdf Graphic file (ty
pe pdf)
<use 1BoundaryConditions_Method3plot2d34-eps-converted-to.pdf>
Package pdftex.def Info: 1BoundaryConditions_Method3plot2d34-eps-converted-to.p
df  used on input line 720.
(pdftex.def)             Requested size: 221.78923pt x 221.783pt.
Package epstopdf Info: Source file: <3BoundaryConditions_Method3plot2d32.eps>
(epstopdf)                    date: 2021-10-08 00:59:19
(epstopdf)                    size: 123931 bytes
(epstopdf)             Output file: <3BoundaryConditions_Method3plot2d32-eps-co
nverted-to.pdf>
(epstopdf)                    date: 2021-10-08 01:20:23
(epstopdf)                    size: 24862 bytes
(epstopdf)             Command: <miktex-epstopdf --outfile=3BoundaryConditions_
Method3plot2d32-eps-converted-to.pdf 3BoundaryConditions_Method3plot2d32.eps>
(epstopdf)             \includegraphics on input line 725.
Package epstopdf Info: Output file is already uptodate.


pdfTeX warning: pdflatex.exe (file ./3BoundaryConditions_Method3plot2d32-eps-co
nverted-to.pdf): PDF inclusion: found PDF version <1.7>, but at most version <1
.5> allowed
<3BoundaryConditions_Method3plot2d32-eps-converted-to.pdf, id=316, 557.08125pt 
x 557.08125pt>
File: 3BoundaryConditions_Method3plot2d32-eps-converted-to.pdf Graphic file (ty
pe pdf)
<use 3BoundaryConditions_Method3plot2d32-eps-converted-to.pdf>
Package pdftex.def Info: 3BoundaryConditions_Method3plot2d32-eps-converted-to.p
df  used on input line 725.
(pdftex.def)             Requested size: 221.78923pt x 221.783pt.
Package epstopdf Info: Source file: <3BoundaryConditions_Method3plot2d34.eps>
(epstopdf)                    date: 2021-10-08 00:59:20
(epstopdf)                    size: 140404 bytes
(epstopdf)             Output file: <3BoundaryConditions_Method3plot2d34-eps-co
nverted-to.pdf>
(epstopdf)                    date: 2021-10-08 01:20:24
(epstopdf)                    size: 31500 bytes
(epstopdf)             Command: <miktex-epstopdf --outfile=3BoundaryConditions_
Method3plot2d34-eps-converted-to.pdf 3BoundaryConditions_Method3plot2d34.eps>
(epstopdf)             \includegraphics on input line 726.
Package epstopdf Info: Output file is already uptodate.


pdfTeX warning: pdflatex.exe (file ./3BoundaryConditions_Method3plot2d34-eps-co
nverted-to.pdf): PDF inclusion: found PDF version <1.7>, but at most version <1
.5> allowed
<3BoundaryConditions_Method3plot2d34-eps-converted-to.pdf, id=317, 557.08125pt 
x 557.08125pt>
File: 3BoundaryConditions_Method3plot2d34-eps-converted-to.pdf Graphic file (ty
pe pdf)
<use 3BoundaryConditions_Method3plot2d34-eps-converted-to.pdf>
Package pdftex.def Info: 3BoundaryConditions_Method3plot2d34-eps-converted-to.p
df  used on input line 726.
(pdftex.def)             Requested size: 221.78923pt x 221.783pt.

LaTeX Warning: `h' float specifier changed to `ht'.

Package epstopdf Info: Source file: <5BoundaryConditions_Method3plot2d32.eps>
(epstopdf)                    date: 2021-10-08 01:24:39
(epstopdf)                    size: 99396 bytes
(epstopdf)             Output file: <5BoundaryConditions_Method3plot2d32-eps-co
nverted-to.pdf>
(epstopdf)                    date: 2021-10-08 01:26:13
(epstopdf)                    size: 21607 bytes
(epstopdf)             Command: <miktex-epstopdf --outfile=5BoundaryConditions_
Method3plot2d32-eps-converted-to.pdf 5BoundaryConditions_Method3plot2d32.eps>
(epstopdf)             \includegraphics on input line 731.
Package epstopdf Info: Output file is already uptodate.


pdfTeX warning: pdflatex.exe (file ./5BoundaryConditions_Method3plot2d32-eps-co
nverted-to.pdf): PDF inclusion: found PDF version <1.7>, but at most version <1
.5> allowed
<5BoundaryConditions_Method3plot2d32-eps-converted-to.pdf, id=318, 557.08125pt 
x 557.08125pt>
File: 5BoundaryConditions_Method3plot2d32-eps-converted-to.pdf Graphic file (ty
pe pdf)
<use 5BoundaryConditions_Method3plot2d32-eps-converted-to.pdf>
Package pdftex.def Info: 5BoundaryConditions_Method3plot2d32-eps-converted-to.p
df  used on input line 731.
(pdftex.def)             Requested size: 221.78923pt x 221.783pt.
Package epstopdf Info: Source file: <5BoundaryConditions_Method3plot2d34.eps>
(epstopdf)                    date: 2021-10-08 01:24:53
(epstopdf)                    size: 118957 bytes
(epstopdf)             Output file: <5BoundaryConditions_Method3plot2d34-eps-co
nverted-to.pdf>
(epstopdf)                    date: 2021-10-08 01:26:14
(epstopdf)                    size: 26983 bytes
(epstopdf)             Command: <miktex-epstopdf --outfile=5BoundaryConditions_
Method3plot2d34-eps-converted-to.pdf 5BoundaryConditions_Method3plot2d34.eps>
(epstopdf)             \includegraphics on input line 732.
Package epstopdf Info: Output file is already uptodate.


pdfTeX warning: pdflatex.exe (file ./5BoundaryConditions_Method3plot2d34-eps-co
nverted-to.pdf): PDF inclusion: found PDF version <1.7>, but at most version <1
.5> allowed
<5BoundaryConditions_Method3plot2d34-eps-converted-to.pdf, id=319, 557.08125pt 
x 557.08125pt>
File: 5BoundaryConditions_Method3plot2d34-eps-converted-to.pdf Graphic file (ty
pe pdf)
<use 5BoundaryConditions_Method3plot2d34-eps-converted-to.pdf>
Package pdftex.def Info: 5BoundaryConditions_Method3plot2d34-eps-converted-to.p
df  used on input line 732.
(pdftex.def)             Requested size: 221.78923pt x 221.783pt.

LaTeX Warning: `h' float specifier changed to `ht'.

[17 <./1BoundaryConditions_Method3plot2d32-eps-converted-to.pdf> <./1BoundaryCo
nditions_Method3plot2d34-eps-converted-to.pdf>] [18 <./3BoundaryConditions_Meth
od3plot2d32-eps-converted-to.pdf> <./3BoundaryConditions_Method3plot2d34-eps-co
nverted-to.pdf>] [19 <./5BoundaryConditions_Method3plot2d32-eps-converted-to.pd
f> <./5BoundaryConditions_Method3plot2d34-eps-converted-to.pdf>] (main.bbl)
[20

] (main.aux)

LaTeX Warning: There were undefined references.

Package rerunfilecheck Info: File `main.out' has not changed.
(rerunfilecheck)             Checksum: 380E4A5F34D296F41EC04F296C088CFF;2312.
 ) 
Here is how much of TeX's memory you used:
 13647 strings out of 476315
 223069 string characters out of 5794192
 1886068 words of memory out of 5000000
 33756 multiletter control sequences out of 15000+600000
 522057 words of font info for 69 fonts, out of 8000000 for 9000
 1141 hyphenation exceptions out of 8191
 75i,14n,79p,576b,555s stack positions out of 10000i,1000n,20000p,200000b,200000s
 <C:\Users\ib20968\AppData\Local\MiKTeX\fonts/pk/ljfour/jknappen/ec/dpi600\tc
rm1000.pk><C:/Program Files/Latex/MiKTeX/fonts/type1/public/amsfonts/cm/cmbx10.
pfb><C:/Program Files/Latex/MiKTeX/fonts/type1/public/amsfonts/cm/cmbx12.pfb><C
:/Program Files/Latex/MiKTeX/fonts/type1/public/amsfonts/cm/cmbx9.pfb><C:/Progr
am Files/Latex/MiKTeX/fonts/type1/public/amsfonts/cm/cmex10.pfb><C:/Program Fil
es/Latex/MiKTeX/fonts/type1/public/amsfonts/cm/cmmi10.pfb><C:/Program Files/Lat
ex/MiKTeX/fonts/type1/public/amsfonts/cm/cmmi12.pfb><C:/Program Files/Latex/MiK
TeX/fonts/type1/public/amsfonts/cm/cmmi5.pfb><C:/Program Files/Latex/MiKTeX/fon
ts/type1/public/amsfonts/cm/cmmi7.pfb><C:/Program Files/Latex/MiKTeX/fonts/type
1/public/amsfonts/cm/cmmi8.pfb><C:/Program Files/Latex/MiKTeX/fonts/type1/publi
c/amsfonts/cm/cmr10.pfb><C:/Program Files/Latex/MiKTeX/fonts/type1/public/amsfo
nts/cm/cmr12.pfb><C:/Program Files/Latex/MiKTeX/fonts/type1/public/amsfonts/cm/
cmr17.pfb><C:/Program Files/Latex/MiKTeX/fonts/type1/public/amsfonts/cm/cmr5.pf
b><C:/Program Files/Latex/MiKTeX/fonts/type1/public/amsfonts/cm/cmr7.pfb><C:/Pr
ogram Files/Latex/MiKTeX/fonts/type1/public/amsfonts/cm/cmr8.pfb><C:/Program Fi
les/Latex/MiKTeX/fonts/type1/public/amsfonts/cm/cmr9.pfb><C:/Program Files/Late
x/MiKTeX/fonts/type1/public/amsfonts/cm/cmsy10.pfb><C:/Program Files/Latex/MiKT
eX/fonts/type1/public/amsfonts/cm/cmsy5.pfb><C:/Program Files/Latex/MiKTeX/font
s/type1/public/amsfonts/cm/cmsy7.pfb><C:/Program Files/Latex/MiKTeX/fonts/type1
/public/amsfonts/cm/cmti10.pfb><C:/Program Files/Latex/MiKTeX/fonts/type1/publi
c/amsfonts/symbols/msbm10.pfb>
Output written on main.pdf (20 pages, 790696 bytes).
PDF statistics:
 484 PDF objects out of 1000 (max. 8388607)
 154 named destinations out of 1000 (max. 500000)
 211 words of extra memory for PDF output out of 10000 (max. 10000000)

